This is pdfeTeX, Version 3.141592-1.21a-2.2 (Web2C 7.5.4) (format=latex 2007.5.5)  13 JUN 2007 00:18
entering extended mode
**Cern.tex
(./Cern.tex
LaTeX2e <2003/12/01>
Babel <v3.8d> and hyphenation patterns for american, french, german, ngerman, b
ahasa, basque, bulgarian, catalan, croatian, czech, danish, dutch, esperanto, e
stonian, finnish, greek, icelandic, irish, italian, latin, magyar, norsk, polis
h, portuges, romanian, russian, serbian, slovak, slovene, spanish, swedish, tur
kish, ukrainian, nohyphenation, loaded.
(/usr/share/texmf-tetex/tex/latex/base/article.cls
Document Class: article 2004/02/16 v1.4f Standard LaTeX document class
(/usr/share/texmf-tetex/tex/latex/base/size12.clo
File: size12.clo 2004/02/16 v1.4f Standard LaTeX file (size option)
)
\c@part=\count79
\c@section=\count80
\c@subsection=\count81
\c@subsubsection=\count82
\c@paragraph=\count83
\c@subparagraph=\count84
\c@figure=\count85
\c@table=\count86
\abovecaptionskip=\skip41
\belowcaptionskip=\skip42
\bibindent=\dimen102
)
(/usr/share/texmf-tetex/tex/latex/base/inputenc.sty
Package: inputenc 2004/02/05 v1.0d Input encoding file

(/usr/share/texmf-tetex/tex/latex/base/latin1.def
File: latin1.def 2004/02/05 v1.0d Input encoding file
))
(/usr/share/texmf-tetex/tex/latex/tools/verbatim.sty
Package: verbatim 2003/08/22 v1.5q LaTeX2e package for verbatim enhancements
\every@verbatim=\toks14
\verbatim@line=\toks15
\verbatim@in@stream=\read1
)
(/usr/share/texmf-tetex/tex/latex/aeguill/aeguill.sty
Package: aeguill 2003/08/02 1.02 AE fonts with french guillemets (D. Roegel)

(/usr/share/texmf-tetex/tex/latex/ae/ae.sty
Package: ae 2001/02/12 1.3 Almost European Computer Modern

(/usr/share/texmf-tetex/tex/latex/base/fontenc.sty
Package: fontenc 2004/02/22 v1.99f Standard LaTeX package

(/usr/share/texmf-tetex/tex/latex/base/t1enc.def
File: t1enc.def 2004/02/22 v1.99f Standard LaTeX file
LaTeX Font Info:    Redeclaring font encoding T1 on input line 43.
)
LaTeX Font Info:    Try loading font information for T1+aer on input line 100.

(/usr/share/texmf-tetex/tex/latex/ae/t1aer.fd
File: t1aer.fd 1997/11/16 Font definitions for T1/aer.
))))
(/usr/share/texmf-tetex/tex/latex/amsfonts/amsfonts.sty
Package: amsfonts 2001/10/25 v2.2f
\@emptytoks=\toks16
\symAMSa=\mathgroup4
\symAMSb=\mathgroup5
LaTeX Font Info:    Overwriting math alphabet `\mathfrak' in version `bold'
(Font)                  U/euf/m/n --> U/euf/b/n on input line 132.
)
(/usr/share/texmf-tetex/tex/latex/tools/xspace.sty
Package: xspace 1997/10/13 v1.06 Space after command names (DPC)
)
(/usr/share/texmf-tetex/tex/latex/amsmath/amsmath.sty
Package: amsmath 2000/07/18 v2.13 AMS math features
\@mathmargin=\skip43

For additional information on amsmath, use the `?' option.
(/usr/share/texmf-tetex/tex/latex/amsmath/amstext.sty
Package: amstext 2000/06/29 v2.01

(/usr/share/texmf-tetex/tex/latex/amsmath/amsgen.sty
File: amsgen.sty 1999/11/30 v2.0
\@emptytoks=\toks17
\ex@=\dimen103
))
(/usr/share/texmf-tetex/tex/latex/amsmath/amsbsy.sty
Package: amsbsy 1999/11/29 v1.2d
\pmbraise@=\dimen104
)
(/usr/share/texmf-tetex/tex/latex/amsmath/amsopn.sty
Package: amsopn 1999/12/14 v2.01 operator names
)
\inf@bad=\count87
LaTeX Info: Redefining \frac on input line 211.
\uproot@=\count88
\leftroot@=\count89
LaTeX Info: Redefining \overline on input line 307.
\classnum@=\count90
\DOTSCASE@=\count91
LaTeX Info: Redefining \ldots on input line 379.
LaTeX Info: Redefining \dots on input line 382.
LaTeX Info: Redefining \cdots on input line 467.
\Mathstrutbox@=\box26
\strutbox@=\box27
\big@size=\dimen105
LaTeX Font Info:    Redeclaring font encoding OML on input line 567.
LaTeX Font Info:    Redeclaring font encoding OMS on input line 568.
\macc@depth=\count92
\c@MaxMatrixCols=\count93
\dotsspace@=\muskip10
\c@parentequation=\count94
\dspbrk@lvl=\count95
\tag@help=\toks18
\row@=\count96
\column@=\count97
\maxfields@=\count98
\andhelp@=\toks19
\eqnshift@=\dimen106
\alignsep@=\dimen107
\tagshift@=\dimen108
\tagwidth@=\dimen109
\totwidth@=\dimen110
\lineht@=\dimen111
\@envbody=\toks20
\multlinegap=\skip44
\multlinetaggap=\skip45
\mathdisplay@stack=\toks21
LaTeX Info: Redefining \[ on input line 2666.
LaTeX Info: Redefining \] on input line 2667.
)
(/usr/share/texmf-tetex/tex/latex/graphics/lscape.sty
Package: lscape 2000/10/22 v3.01 Landscape Pages (DPC)

(/usr/share/texmf-tetex/tex/latex/graphics/graphics.sty
Package: graphics 2001/07/07 v1.0n Standard LaTeX Graphics (DPC,SPQR)

(/usr/share/texmf-tetex/tex/latex/graphics/trig.sty
Package: trig 1999/03/16 v1.09 sin cos tan (DPC)
)
(/usr/share/texmf-tetex/tex/latex/graphics/graphics.cfg
File: graphics.cfg 2005/02/03 v1.3 graphics configuration of teTeX/TeXLive
)
Package graphics Info: Driver file: dvips.def on input line 80.

(/usr/share/texmf-tetex/tex/latex/graphics/dvips.def
File: dvips.def 1999/02/16 v3.0i Driver-dependant file (DPC,SPQR)
)))
(/usr/share/texmf-tetex/tex/latex/fancybox/fancybox.sty
Package: fancybox 2000/09/19 1.3

Style option: `fancybox' v1.3 <2000/09/19> (tvz)
\@fancybox=\box28
\shadowsize=\dimen112
\@Sbox=\box29
\do@VerbBox=\toks22
\the@fancyput=\toks23
\this@fancyput=\toks24
\EndVerbatimTokens=\toks25
\Verbatim@Outfile=\write3
\Verbatim@Infile=\read2
) (/usr/share/texmf-tetex/tex/latex/fancyhdr/fancyhdr.sty
\fancy@headwidth=\skip46
\f@ncyO@elh=\skip47
\f@ncyO@erh=\skip48
\f@ncyO@olh=\skip49
\f@ncyO@orh=\skip50
\f@ncyO@elf=\skip51
\f@ncyO@erf=\skip52
\f@ncyO@olf=\skip53
\f@ncyO@orf=\skip54
)
(/usr/share/texmf-tetex/tex/latex/base/textcomp.sty
Package: textcomp 2004/02/22 v1.99f Standard LaTeX package
Package textcomp Info: Sub-encoding information:
(textcomp)               5 = only ISO-Adobe without \textcurrency
(textcomp)               4 = 5 + \texteuro
(textcomp)               3 = 4 + \textohm
(textcomp)               2 = 3 + \textestimated + \textcurrency
(textcomp)               1 = TS1 - \textcircled - \t
(textcomp)               0 = TS1 (full)
(textcomp)             Font families with sub-encoding setting implement
(textcomp)             only a restricted character set as indicated.
(textcomp)             Family '?' is the default used for unknown fonts.
(textcomp)             See the documentation for details.
Package textcomp Info: Setting ? sub-encoding to TS1/1 on input line 71.

(/usr/share/texmf-tetex/tex/latex/base/ts1enc.def
File: ts1enc.def 2001/06/05 v3.0e (jk/car/fm) Standard LaTeX file
)
LaTeX Info: Redefining \oldstylenums on input line 266.
Package textcomp Info: Setting cmr sub-encoding to TS1/0 on input line 281.
Package textcomp Info: Setting cmss sub-encoding to TS1/0 on input line 282.
Package textcomp Info: Setting cmtt sub-encoding to TS1/0 on input line 283.
Package textcomp Info: Setting cmvtt sub-encoding to TS1/0 on input line 284.
Package textcomp Info: Setting cmbr sub-encoding to TS1/0 on input line 285.
Package textcomp Info: Setting cmtl sub-encoding to TS1/0 on input line 286.
Package textcomp Info: Setting ccr sub-encoding to TS1/0 on input line 287.
Package textcomp Info: Setting ptm sub-encoding to TS1/4 on input line 288.
Package textcomp Info: Setting pcr sub-encoding to TS1/4 on input line 289.
Package textcomp Info: Setting phv sub-encoding to TS1/4 on input line 290.
Package textcomp Info: Setting ppl sub-encoding to TS1/3 on input line 291.
Package textcomp Info: Setting pag sub-encoding to TS1/4 on input line 292.
Package textcomp Info: Setting pbk sub-encoding to TS1/4 on input line 293.
Package textcomp Info: Setting pnc sub-encoding to TS1/4 on input line 294.
Package textcomp Info: Setting pzc sub-encoding to TS1/4 on input line 295.
Package textcomp Info: Setting bch sub-encoding to TS1/4 on input line 296.
Package textcomp Info: Setting put sub-encoding to TS1/5 on input line 297.
Package textcomp Info: Setting uag sub-encoding to TS1/5 on input line 298.
Package textcomp Info: Setting ugq sub-encoding to TS1/5 on input line 299.
Package textcomp Info: Setting ul8 sub-encoding to TS1/4 on input line 300.
Package textcomp Info: Setting ul9 sub-encoding to TS1/4 on input line 301.
Package textcomp Info: Setting augie sub-encoding to TS1/5 on input line 302.
Package textcomp Info: Setting dayrom sub-encoding to TS1/3 on input line 303.
Package textcomp Info: Setting dayroms sub-encoding to TS1/3 on input line 304.

Package textcomp Info: Setting pxr sub-encoding to TS1/0 on input line 305.
Package textcomp Info: Setting pxss sub-encoding to TS1/0 on input line 306.
Package textcomp Info: Setting pxtt sub-encoding to TS1/0 on input line 307.
Package textcomp Info: Setting txr sub-encoding to TS1/0 on input line 308.
Package textcomp Info: Setting txss sub-encoding to TS1/0 on input line 309.
Package textcomp Info: Setting txtt sub-encoding to TS1/0 on input line 310.
Package textcomp Info: Setting futs sub-encoding to TS1/4 on input line 311.
Package textcomp Info: Setting futx sub-encoding to TS1/4 on input line 312.
Package textcomp Info: Setting futj sub-encoding to TS1/4 on input line 313.
Package textcomp Info: Setting hlh sub-encoding to TS1/3 on input line 314.
Package textcomp Info: Setting hls sub-encoding to TS1/3 on input line 315.
Package textcomp Info: Setting hlst sub-encoding to TS1/3 on input line 316.
Package textcomp Info: Setting hlct sub-encoding to TS1/5 on input line 317.
Package textcomp Info: Setting hlx sub-encoding to TS1/5 on input line 318.
Package textcomp Info: Setting hlce sub-encoding to TS1/5 on input line 319.
Package textcomp Info: Setting hlcn sub-encoding to TS1/5 on input line 320.
Package textcomp Info: Setting hlcw sub-encoding to TS1/5 on input line 321.
Package textcomp Info: Setting hlcf sub-encoding to TS1/5 on input line 322.
Package textcomp Info: Setting pplx sub-encoding to TS1/3 on input line 323.
Package textcomp Info: Setting pplj sub-encoding to TS1/3 on input line 324.
Package textcomp Info: Setting ptmx sub-encoding to TS1/4 on input line 325.
Package textcomp Info: Setting ptmj sub-encoding to TS1/4 on input line 326.
)
(/usr/share/texmf-tetex/tex/latex/marvosym/marvosym.sty
Package: marvosym 2000/05/01 v2.0 Martin Vogel's Symbols font definitions
)
(/usr/share/texmf-tetex/tex/latex/supertabular/supertabular.sty
Package: supertabular 2004/02/20 v4.1e the supertabular environment
\c@tracingst=\count99
\ST@wd=\dimen113
\ST@rightskip=\skip55
\ST@leftskip=\skip56
\ST@parfillskip=\skip57
\ST@pageleft=\dimen114
\ST@headht=\dimen115
\ST@tailht=\dimen116
\ST@pagesofar=\dimen117
\ST@pboxht=\dimen118
\ST@lineht=\dimen119
\ST@stretchht=\dimen120
\ST@prevht=\dimen121
\ST@toadd=\dimen122
\ST@dimen=\dimen123
\ST@pbox=\box30
) (./ifsym.sty
Package: ifsym 2000/04/18 I.Kloeckl

(/usr/share/texmf-tetex/tex/latex/tools/calc.sty
Package: calc 1998/07/07 v4.1b Infix arithmetic (KKT,FJ)
\calc@Acount=\count100
\calc@Bcount=\count101
\calc@Adimen=\dimen124
\calc@Bdimen=\dimen125
\calc@Askip=\skip58
\calc@Bskip=\skip59
LaTeX Info: Redefining \setlength on input line 59.
LaTeX Info: Redefining \addtolength on input line 60.
\calc@denominator=\count102
)
\c@ifsymcnt=\count103
)
(/usr/share/texmf-tetex/tex/latex/tools/longtable.sty
Package: longtable 2004/02/01 v4.11 Multi-page Table package (DPC)
\LTleft=\skip60
\LTright=\skip61
\LTpre=\skip62
\LTpost=\skip63
\LTchunksize=\count104
\LTcapwidth=\dimen126
\LT@head=\box31
\LT@firsthead=\box32
\LT@foot=\box33
\LT@lastfoot=\box34
\LT@cols=\count105
\LT@rows=\count106
\c@LT@tables=\count107
\c@LT@chunks=\count108
\LT@p@ftn=\toks26
)
(/usr/share/texmf-tetex/tex/latex/was/upgreek.sty
Package: upgreek 2003/02/12 v2.0 (WaS)
Package upgreek Info: Using Euler Roman for upright Greek on input line 31.
\symugrf@m=\mathgroup6
LaTeX Font Info:    Overwriting symbol font `ugrf@m' in version `bold'
(Font)                  U/eur/m/n --> U/eur/b/n on input line 38.
)
(/usr/share/texmf-tetex/tex/latex/picins/picins.sty
Option `picins' Version 3.0 Sep. 1992, TH Darmstadt/HRZ
\@BILD=\box35
\@TEXT=\box36
\d@breite=\dimen127
\d@hoehe=\dimen128
\d@xoff=\dimen129
\d@yoff=\dimen130
\d@shad=\dimen131
\d@dash=\dimen132
\d@boxl=\dimen133
\d@pichskip=\dimen134
\d@tmp=\dimen135
\d@tmpa=\dimen136
\d@bskip=\dimen137
\hsiz@=\dimen138
\p@getot@l=\dimen139
\c@breite=\count109
\c@hoehe=\count110
\c@xoff=\count111
\c@yoff=\count112
\c@pos=\count113
\c@shad=\count114
\c@dash=\count115
\c@boxl=\count116
\c@zeilen=\count117
\@changemode=\count118
\c@piccaption=\count119
\c@piccaptionpos=\count120
\c@picpos=\count121
\c@whole=\count122
\c@half=\count123
\c@tmp=\count124
\c@tmpa=\count125
\c@tmpb=\count126
\c@tmpc=\count127
\c@tmpd=\count128
\d@leftskip=\skip64
\ptoti=\dimen140
\ptotii=\dimen141
\env@box=\box37
\d@envdp=\dimen142
\c@hsize=\count129
\c@envdp=\count130
\d@envb=\dimen143
)
(/usr/share/texmf-tetex/tex/latex/lastpage/lastpage.sty
Package: lastpage 1994/06/25 v0.1b LaTeX2e package for refs to last page number
 (JPG)
)
(/usr/share/texmf-tetex/tex/generic/babel/babel.sty
Package: babel 2004/11/20 v3.8d The Babel package

(/usr/share/texmf-tetex/tex/generic/babel/english.ldf
Language: english 2004/06/14 v3.3o English support from the babel system

(/usr/share/texmf-tetex/tex/generic/babel/babel.def
File: babel.def 2004/11/20 v3.8d Babel common definitions
\babel@savecnt=\count131
\U@D=\dimen144
)
\l@british = a dialect from \language\l@english 
\l@UKenglish = a dialect from \language\l@english 
\l@canadian = a dialect from \language\l@american 
\l@australian = a dialect from \language\l@british 
\l@newzealand = a dialect from \language\l@british 
)
(/usr/share/texmf-tetex/tex/generic/babel/frenchb.ldf
Language: french 2004/04/02 v1.6f French support from the babel system
Package babel Info: Making : an active character on input line 219.
Package babel Info: Making ; an active character on input line 220.
Package babel Info: Making ! an active character on input line 221.
Package babel Info: Making ? an active character on input line 222.
\parindentFFN=\dimen145
\std@mcc=\count132
\dec@mcc=\count133

*************************************
* Local config file frenchb.cfg used
*
(/usr/share/texmf-tetex/tex/generic/babel/frenchb.cfg)))
(/usr/share/texmf-tetex/tex/latex/graphics/graphicx.sty
Package: graphicx 1999/02/16 v1.0f Enhanced LaTeX Graphics (DPC,SPQR)

(/usr/share/texmf-tetex/tex/latex/graphics/keyval.sty
Package: keyval 1999/03/16 v1.13 key=value parser (DPC)
\KV@toks@=\toks27
)
\Gin@req@height=\dimen146
\Gin@req@width=\dimen147
)
(/usr/share/texmf-tetex/tex/latex/graphics/color.sty
Package: color 1999/02/16 v1.0i Standard LaTeX Color (DPC)

(/usr/share/texmf-tetex/tex/latex/graphics/color.cfg
File: color.cfg 2005/02/03 v1.3 color configuration of teTeX/TeXLive
)
Package color Info: Driver file: pdftex.def on input line 125.

(/usr/share/texmf-tetex/tex/latex/graphics/pdftex.def
File: pdftex.def 2002/06/19 v0.03k graphics/color for pdftex
\Gread@gobject=\count134
)
(/usr/share/texmf-tetex/tex/latex/graphics/dvipsnam.def
File: dvipsnam.def 1999/02/16 v3.0i Driver-dependant file (DPC,SPQR)
))
(/usr/share/texmf-tetex/tex/latex/pdfpages/pdfpages.sty
Package: pdfpages 2004/01/31 v0.3e Insert pages of external PDF documents (AM)

(/usr/share/texmf-tetex/tex/latex/base/ifthen.sty
Package: ifthen 2001/05/26 v1.1c Standard LaTeX ifthen package (DPC)
)
(/usr/share/texmf-tetex/tex/latex/eso-pic/eso-pic.sty
Package: eso-pic 2002/11/16 v1.1b eso-pic (RN)

(/usr/share/texmf-tetex/tex/latex/ms/everyshi.sty
Package: everyshi 2001/05/15 v3.00 EveryShipout Package (MS)
))
(/usr/share/texmf-tetex/tex/latex/pdfpages/pppdftex.def
File: pppdftex.def 2004/01/31 v0.3e Pdfpages driver for pdfTeX (AM)
)
\AM@pagebox=\box38
\AM@toc@title=\toks28
\c@AM@survey=\count135
)
(/usr/share/texmf-tetex/tex/latex/hyperref/hyperref.sty
Package: hyperref 2003/11/30 v6.74m Hypertext links for LaTeX
\@linkdim=\dimen148
\Hy@linkcounter=\count136
\Hy@pagecounter=\count137

(/usr/share/texmf-tetex/tex/latex/hyperref/pd1enc.def
File: pd1enc.def 2003/11/30 v6.74m Hyperref: PDFDocEncoding definition (HO)
)
(/usr/share/texmf-tetex/tex/latex/hyperref/hyperref.cfg
File: hyperref.cfg 2002/06/06 v1.2 hyperref configuration of TeXLive and teTeX
)
Package hyperref Info: Option `bookmarks' set `true' on input line 1830.
Package hyperref Info: Option `bookmarksnumbered' set `true' on input line 1830
.
Package hyperref Info: Option `colorlinks' set `true' on input line 1830.
Package hyperref Info: Option `plainpages' set `false' on input line 1830.
Package hyperref Info: Option `pdfpagelabels' set `true' on input line 1830.
Package hyperref Info: Option `bookmarks' set `true' on input line 1830.
Package hyperref Info: Option `breaklinks' set `true' on input line 1830.
Package hyperref Info: Option `hyperindex' set `true' on input line 1830.
Package hyperref Info: Option `linktocpage' set `true' on input line 1830.
Package hyperref Info: Hyper figures OFF on input line 1880.
Package hyperref Info: Link nesting OFF on input line 1885.
Package hyperref Info: Hyper index ON on input line 1888.
Package hyperref Info: Plain pages OFF on input line 1895.
Package hyperref Info: Backreferencing OFF on input line 1900.

Implicit mode ON; LaTeX internals redefined
Package hyperref Info: Bookmarks ON on input line 2004.
(/usr/share/texmf-tetex/tex/latex/url/url.sty
\Urlmuskip=\muskip11
Package: url 2004/03/15  ver 3.1  Verb mode for urls, etc.
)
LaTeX Info: Redefining \url on input line 2143.
\Fld@menulength=\count138
\Field@Width=\dimen149
\Fld@charsize=\dimen150
\Choice@toks=\toks29
\Field@toks=\toks30
Package hyperref Info: Hyper figures OFF on input line 2618.
Package hyperref Info: Link nesting OFF on input line 2623.
Package hyperref Info: Hyper index ON on input line 2626.
Package hyperref Info: backreferencing OFF on input line 2633.
Package hyperref Info: Link coloring ON on input line 2636.
\Hy@abspage=\count139
\c@Item=\count140
\c@Hfootnote=\count141
)
*hyperref using driver hpdftex*
(/usr/share/texmf-tetex/tex/latex/hyperref/hpdftex.def
File: hpdftex.def 2003/11/30 v6.74m Hyperref driver for pdfTeX

(/usr/share/texmf-tetex/tex/latex/psnfss/pifont.sty
Package: pifont 2004/09/15 PSNFSS-v9.2 Pi font support (SPQR) 
LaTeX Font Info:    Try loading font information for U+pzd on input line 63.

(/usr/share/texmf-tetex/tex/latex/psnfss/upzd.fd
File: upzd.fd 2001/06/04 font definitions for U/pzd.
)
LaTeX Font Info:    Try loading font information for U+psy on input line 64.

(/usr/share/texmf-tetex/tex/latex/psnfss/upsy.fd
File: upsy.fd 2001/06/04 font definitions for U/psy.
))
\Fld@listcount=\count142
\@outlinefile=\write4
) (./Cern.aux
(./cern/Annexe1.aux) (./cern/Annexe2.aux))
\openout1 = `Cern.aux'.

LaTeX Font Info:    Checking defaults for OML/cmm/m/it on input line 122.
LaTeX Font Info:    ... okay on input line 122.
LaTeX Font Info:    Checking defaults for T1/cmr/m/n on input line 122.
LaTeX Font Info:    ... okay on input line 122.
LaTeX Font Info:    Checking defaults for OT1/cmr/m/n on input line 122.
LaTeX Font Info:    ... okay on input line 122.
LaTeX Font Info:    Checking defaults for OMS/cmsy/m/n on input line 122.
LaTeX Font Info:    ... okay on input line 122.
LaTeX Font Info:    Checking defaults for OMX/cmex/m/n on input line 122.
LaTeX Font Info:    ... okay on input line 122.
LaTeX Font Info:    Checking defaults for U/cmr/m/n on input line 122.
LaTeX Font Info:    ... okay on input line 122.
LaTeX Font Info:    Checking defaults for TS1/cmr/m/n on input line 122.
LaTeX Font Info:    Try loading font information for TS1+cmr on input line 122.


(/usr/share/texmf-tetex/tex/latex/base/ts1cmr.fd
File: ts1cmr.fd 1999/05/25 v2.5h Standard LaTeX font definitions
)
LaTeX Font Info:    ... okay on input line 122.
LaTeX Font Info:    Checking defaults for PD1/pdf/m/n on input line 122.
LaTeX Font Info:    ... okay on input line 122.
LaTeX Info: Redefining \dots on input line 122.

(/usr/share/texmf-tetex/tex/context/base/supp-pdf.tex
(/usr/share/texmf-tetex/tex/context/base/supp-mis.tex
loading : Context Support Macros / Miscellaneous (2004.10.26)
\protectiondepth=\count143
\scratchcounter=\count144
\scratchtoks=\toks31
\scratchdimen=\dimen151
\scratchskip=\skip65
\scratchmuskip=\muskip12
\scratchbox=\box39
\scratchread=\read3
\scratchwrite=\write5
\zeropoint=\dimen152
\onepoint=\dimen153
\onebasepoint=\dimen154
\minusone=\count145
\thousandpoint=\dimen155
\onerealpoint=\dimen156
\emptytoks=\toks32
\nextbox=\box40
\nextdepth=\dimen157
\everyline=\toks33
\!!counta=\count146
\!!countb=\count147
\recursecounter=\count148
)
loading : Context Support Macros / PDF (2004.03.26)
\nofMPsegments=\count149
\nofMParguments=\count150
\MPscratchCnt=\count151
\MPscratchDim=\dimen158
\MPnumerator=\count152
\everyMPtoPDFconversion=\toks34
) ABD: EveryShipout initializing macros
Package hyperref Info: Link coloring ON on input line 122.

(/usr/share/texmf-tetex/tex/latex/hyperref/nameref.sty
Package: nameref 2003/12/03 v2.21 Cross-referencing by name of section
\c@section@level=\count153
)
LaTeX Info: Redefining \ref on input line 122.
LaTeX Info: Redefining \pageref on input line 122.
 (./Cern.out)
(./Cern.out)
\openout4 = `Cern.out'.

 <./img/CERN_logo.jpg, id=79, 578.16pt x 578.16pt>
File: ./img/CERN_logo.jpg Graphic file (type jpg)

<use ./img/CERN_logo.jpg>
LaTeX Font Info:    Try loading font information for U+msa on input line 126.
 (/usr/share/texmf-tetex/tex/latex/amsfonts/umsa.fd
File: umsa.fd 2002/01/19 v2.2g AMS font definitions
)
LaTeX Font Info:    Try loading font information for U+msb on input line 126.

(/usr/share/texmf-tetex/tex/latex/amsfonts/umsb.fd
File: umsb.fd 2002/01/19 v2.2g AMS font definitions
)
Underfull \hbox (badness 10000) in paragraph at lines 126--126

 []


LaTeX Warning: No \author given.

[1

{/var/lib/texmf/fonts/map/pdftex/updmap/pdftex.map} <./img/CERN_logo.jpg>]
(./Cern.toc)
\tf@toc=\write6
\openout6 = `Cern.toc'.

 [1] (./cern/intro.tex)
! pdfTeX warning (ext4): destination with the same identifier (name{page.1}) ha
s been already used, duplicate ignored
<to be read again> 
                   \penalty 
l.141 \input{./cern/intro} \newpage
                                   

Package Fancyhdr Warning: \headheight is too small (12.0pt): 
 Make it at least 14.49998pt.
 We now make it that large for the rest of the document.
 This may cause the page layout to be inconsistent, however.

[1] (./cern/gEDA.tex
LaTeX Font Info:    Try loading font information for T1+lmr on input line 6.
LaTeX Font Info:    No file T1lmr.fd. on input line 6.


LaTeX Font Warning: Font shape `T1/lmr/m/n' undefined
(Font)              using `T1/cmr/m/n' instead on input line 6.


Underfull \hbox (badness 10000) in paragraph at lines 6--7

 []


Underfull \hbox (badness 10000) in paragraph at lines 8--9

 []


Underfull \hbox (badness 10000) in paragraph at lines 21--22

 []


Underfull \hbox (badness 10000) in paragraph at lines 26--27

 []


Package Fancyhdr Warning: \headheight is too small (12.0pt): 
 Make it at least 14.49998pt.
 We now make it that large for the rest of the document.
 This may cause the page layout to be inconsistent, however.

[2]
LaTeX Font Info:    Try loading font information for T1+aess on input line 29.
 (/usr/share/texmf-tetex/tex/latex/ae/t1aess.fd
File: t1aess.fd 1997/11/16 Font definitions for T1/aess.
)
Underfull \hbox (badness 10000) in paragraph at lines 35--36

 []

<./img/gedaSy.jpg, id=128, 575.2692pt x 598.3956pt>
File: ./img/gedaSy.jpg Graphic file (type jpg)
 <use ./img/gedaSy.jpg>

Package Fancyhdr Warning: \headheight is too small (12.0pt): 
 Make it at least 14.49998pt.
 We now make it that large for the rest of the document.
 This may cause the page layout to be inconsistent, however.

[3 <./img/gedaSy.jpg>]
Underfull \hbox (badness 10000) in paragraph at lines 53--54

 []


Underfull \hbox (badness 10000) in paragraph at lines 55--57

 []


Underfull \hbox (badness 10000) in paragraph at lines 60--61

 []


Underfull \hbox (badness 10000) in paragraph at lines 62--63

 []


Package Fancyhdr Warning: \headheight is too small (12.0pt): 
 Make it at least 14.49998pt.
 We now make it that large for the rest of the document.
 This may cause the page layout to be inconsistent, however.

[4]
Underfull \hbox (badness 10000) in paragraph at lines 70--71

 []


Underfull \hbox (badness 10000) in paragraph at lines 80--83

 []


Underfull \hbox (badness 10000) in paragraph at lines 85--86

 []


Underfull \hbox (badness 10000) in paragraph at lines 92--94

 []


Overfull \hbox (9.43898pt too wide) in paragraph at lines 95--96
[]\T1/aer/m/n/12 Je pré-cise que les prin-ci-pales dé-marches à suivre sont rap
-pe-lées par gsch2pcb
 []


Underfull \hbox (badness 10000) in paragraph at lines 107--109

 []


Package Fancyhdr Warning: \headheight is too small (12.0pt): 
 Make it at least 14.49998pt.
 We now make it that large for the rest of the document.
 This may cause the page layout to be inconsistent, however.

[5]
Underfull \hbox (badness 10000) in paragraph at lines 123--125

 []

<./img/pcb.png, id=155, 165.61874pt x 111.41624pt>
File: ./img/pcb.png Graphic file (type png)
 <use ./img/pcb.png>
Underfull \hbox (badness 10000) in paragraph at lines 134--136

 []


Underfull \hbox (badness 10000) in paragraph at lines 137--140

 []


Package Fancyhdr Warning: \headheight is too small (12.0pt): 
 Make it at least 14.49998pt.
 We now make it that large for the rest of the document.
 This may cause the page layout to be inconsistent, however.

[6 <./img/pcb.png>]
Underfull \hbox (badness 10000) in paragraph at lines 151--152

 []


Underfull \hbox (badness 10000) in paragraph at lines 170--171

 []


Package Fancyhdr Warning: \headheight is too small (12.0pt): 
 Make it at least 14.49998pt.
 We now make it that large for the rest of the document.
 This may cause the page layout to be inconsistent, however.

[7]
Underfull \hbox (badness 10000) in paragraph at lines 174--176

 []


Underfull \hbox (badness 10000) in paragraph at lines 177--178

 []


Underfull \hbox (badness 10000) in paragraph at lines 179--180

 []


Underfull \hbox (badness 10000) in paragraph at lines 187--188

 []


Underfull \hbox (badness 10000) in paragraph at lines 189--190

 []


Underfull \hbox (badness 10000) in paragraph at lines 191--194

 []


Package Fancyhdr Warning: \headheight is too small (12.0pt): 
 Make it at least 14.49998pt.
 We now make it that large for the rest of the document.
 This may cause the page layout to be inconsistent, however.

[8]
Underfull \hbox (badness 10000) in paragraph at lines 204--205

 []


Underfull \hbox (badness 10000) in paragraph at lines 208--209

 []


Underfull \hbox (badness 10000) in paragraph at lines 212--213

 []


Underfull \hbox (badness 10000) in paragraph at lines 214--215

 []


Underfull \hbox (badness 10000) in paragraph at lines 216--217

 []


Package Fancyhdr Warning: \headheight is too small (12.0pt): 
 Make it at least 14.49998pt.
 We now make it that large for the rest of the document.
 This may cause the page layout to be inconsistent, however.

[9]
Underfull \hbox (badness 10000) in paragraph at lines 220--221

 []


Underfull \hbox (badness 10000) in paragraph at lines 224--225

 []

)

Package Fancyhdr Warning: \headheight is too small (12.0pt): 
 Make it at least 14.49998pt.
 We now make it that large for the rest of the document.
 This may cause the page layout to be inconsistent, however.

[10] (./cern/Piklab.tex
Underfull \hbox (badness 10000) in paragraph at lines 11--12

 []


Underfull \hbox (badness 10000) in paragraph at lines 21--22

 []


Underfull \hbox (badness 10000) in paragraph at lines 26--29

 []

)

Package Fancyhdr Warning: \headheight is too small (12.0pt): 
 Make it at least 14.49998pt.
 We now make it that large for the rest of the document.
 This may cause the page layout to be inconsistent, however.

[11]

Package Fancyhdr Warning: \headheight is too small (12.0pt): 
 Make it at least 14.49998pt.
 We now make it that large for the rest of the document.
 This may cause the page layout to be inconsistent, however.

[12] (./cern/carte.tex <./img/circuit.png, id=216, 467.7475pt x 347.2975pt>
File: ./img/circuit.png Graphic file (type png)

<use ./img/circuit.png>
Overfull \hbox (36.79134pt too wide) in paragraph at lines 14--15
[][] 
 []


Package Fancyhdr Warning: \headheight is too small (12.0pt): 
 Make it at least 15.71393pt.
 We now make it that large for the rest of the document.
 This may cause the page layout to be inconsistent, however.

[13 <./img/circuit.png>]
LaTeX Font Info:    Try loading font information for TS1+aer on input line 20.
LaTeX Font Info:    No file TS1aer.fd. on input line 20.


LaTeX Font Warning: Font shape `TS1/aer/m/n' undefined
(Font)              using `TS1/cmr/m/n' instead
(Font)              for symbol `textdegree' on input line 20.


Underfull \hbox (badness 10000) in paragraph at lines 20--21

 []


Underfull \hbox (badness 10000) in paragraph at lines 24--25

 []


Underfull \hbox (badness 10000) in paragraph at lines 26--27

 []

)

Package Fancyhdr Warning: \headheight is too small (12.0pt): 
 Make it at least 15.71393pt.
 We now make it that large for the rest of the document.
 This may cause the page layout to be inconsistent, however.

[14] (./cern/conclusion.tex)

Package Fancyhdr Warning: \headheight is too small (12.0pt): 
 Make it at least 15.71393pt.
 We now make it that large for the rest of the document.
 This may cause the page layout to be inconsistent, however.

[15]
\openout2 = `./cern/Annexe1.aux'.

 (./cern/Annexe1.tex

LaTeX Font Warning: Font shape `TS1/aer/bx/n' undefined
(Font)              using `TS1/aer/m/n' instead
(Font)              for symbol `textdegree' on input line 19.


Overfull \hbox (26.76682pt too wide) in paragraph at lines 16--56
 [] 
 []


Package Fancyhdr Warning: \headheight is too small (12.0pt): 
 Make it at least 14.49998pt.
 We now make it that large for the rest of the document.
 This may cause the page layout to be inconsistent, however.

[16

]
Overfull \hbox (20.1069pt too wide) in paragraph at lines 56--102
 [] 
 []


Package Fancyhdr Warning: \headheight is too small (12.0pt): 
 Make it at least 14.49998pt.
 We now make it that large for the rest of the document.
 This may cause the page layout to be inconsistent, however.

[17]
Overfull \hbox (20.1069pt too wide) in paragraph at lines 102--139
 [] 
 []

)

Package Fancyhdr Warning: \headheight is too small (12.0pt): 
 Make it at least 14.49998pt.
 We now make it that large for the rest of the document.
 This may cause the page layout to be inconsistent, however.

[18]
\openout2 = `./cern/Annexe2.aux'.

 (./cern/Annexe2.tex

Package Fancyhdr Warning: \headheight is too small (12.0pt): 
 Make it at least 14.49998pt.
 We now make it that large for the rest of the document.
 This may cause the page layout to be inconsistent, however.

[19


] <./img/Emet.png, id=258, 803.0pt x 602.25pt>
File: ./img/Emet.png Graphic file (type png)
 <use ./img/Emet.png>
Overfull \hbox (119.3189pt too wide) in paragraph at lines 16--17
[][] 
 []


LaTeX Warning: Float too large for page by 168.02881pt on input line 18.


LaTeX Warning: `h' float specifier changed to `ht'.


Package Fancyhdr Warning: \headheight is too small (12.0pt): 
 Make it at least 14.49998pt.
 We now make it that large for the rest of the document.
 This may cause the page layout to be inconsistent, however.

[20 <./img/Emet.png>] <Emetteur.pdf, id=270, page=2, 614.295pt x 794.97pt>
File: Emetteur.pdf Graphic file (type pdf)

<use Emetteur.pdf, page 2>
File: Emetteur.pdf Graphic file (type pdf)
 <use Emetteur.pdf, page 2>
File: Emetteur.pdf Graphic file (type pdf)

<use Emetteur.pdf, page 2>
File: Emetteur.pdf Graphic file (type pdf)
 <use Emetteur.pdf, page 2>
File: Emetteur.pdf Graphic file (type pdf)

<use Emetteur.pdf, page 2> [21


 <./Emetteur.pdf>]
<Emetteur.pdf, id=278, page=3, 614.295pt x 794.97pt>
File: Emetteur.pdf Graphic file (type pdf)

<use Emetteur.pdf, page 3>
File: Emetteur.pdf Graphic file (type pdf)
 <use Emetteur.pdf, page 3>
File: Emetteur.pdf Graphic file (type pdf)

<use Emetteur.pdf, page 3> [22 <./Emetteur.pdf>]
<Emetteur.pdf, id=284, page=11, 614.295pt x 794.97pt>
File: Emetteur.pdf Graphic file (type pdf)

<use Emetteur.pdf, page 11>
File: Emetteur.pdf Graphic file (type pdf)
 <use Emetteur.pdf, page 11>
File: Emetteur.pdf Graphic file (type pdf)

<use Emetteur.pdf, page 11> [23 <./Emetteur.pdf>]

LaTeX Warning: No positions in optional float specifier.
               Default added (so using `tbp') on input line 26.

<./img/Recep.png, id=291, 803.0pt x 602.25pt>
File: ./img/Recep.png Graphic file (type png)
 <use ./img/Recep.png>
Overfull \hbox (119.3189pt too wide) in paragraph at lines 27--28
[][] 
 []


LaTeX Warning: Float too large for page by 168.02881pt on input line 29.


Package Fancyhdr Warning: \headheight is too small (12.0pt): 
 Make it at least 14.49998pt.
 We now make it that large for the rest of the document.
 This may cause the page layout to be inconsistent, however.

[24 <./img/Recep.png>] <Recepteur.pdf, id=303, page=2, 614.295pt x 794.97pt>
File: Recepteur.pdf Graphic file (type pdf)

<use Recepteur.pdf, page 2>
File: Recepteur.pdf Graphic file (type pdf)
 <use Recepteur.pdf, page 2>
File: Recepteur.pdf Graphic file (type pdf)

<use Recepteur.pdf, page 2>
File: Recepteur.pdf Graphic file (type pdf)
 <use Recepteur.pdf, page 2>
File: Recepteur.pdf Graphic file (type pdf)

<use Recepteur.pdf, page 2> [25


 <./Recepteur.pdf>]
<Recepteur.pdf, id=311, page=3, 614.295pt x 794.97pt>
File: Recepteur.pdf Graphic file (type pdf)

<use Recepteur.pdf, page 3>
File: Recepteur.pdf Graphic file (type pdf)
 <use Recepteur.pdf, page 3>
File: Recepteur.pdf Graphic file (type pdf)

<use Recepteur.pdf, page 3> [26 <./Recepteur.pdf>]
<Recepteur.pdf, id=317, page=11, 614.295pt x 794.97pt>
File: Recepteur.pdf Graphic file (type pdf)

<use Recepteur.pdf, page 11>
File: Recepteur.pdf Graphic file (type pdf)
 <use Recepteur.pdf, page 11>
File: Recepteur.pdf Graphic file (type pdf)

<use Recepteur.pdf, page 11> [27 <./Recepteur.pdf>])
AED: lastpage setting LastPage (./Cern.aux (./cern/Annexe1.aux)
(./cern/Annexe2.aux))

LaTeX Font Warning: Some font shapes were not available, defaults substituted.

 ) 
Here is how much of TeX's memory you used:
 6705 strings out of 94501
 87810 string characters out of 1175812
 171082 words of memory out of 1000000
 9568 multiletter control sequences out of 10000+50000
 50318 words of font info for 119 fonts, out of 500000 for 2000
 580 hyphenation exceptions out of 8191
 36i,16n,43p,1038b,543s stack positions out of 1500i,500n,5000p,200000b,5000s
PDF statistics:
 322 PDF objects out of 300000
 53 named destinations out of 131072
 271 words of extra memory for PDF output out of 65536
</usr/share/texmf-tetex/fonts/type1/bluesky/cm/cmr10.pfb></usr/share/texmf-te
tex/fonts/type1/bluesky/cm/cmbx10.pfb> </home/kevin/.texmf-var/fonts/pk/ljfour/
jknappen/tc/tcrm1000.600pk> </home/kevin/.texmf-var/fonts/pk/ljfour/jknappen/tc
/tcrm1440.600pk> </home/kevin/.texmf-var/fonts/pk/ljfour/jknappen/tc/tcrm1200.6
00pk></usr/share/texmf-tetex/fonts/type1/bluesky/cm/cmssbx10.pfb></usr/share/te
xmf-tetex/fonts/type1/bluesky/cm/cmr17.pfb></usr/share/texmf-tetex/fonts/type1/
bluesky/cm/cmmi12.pfb></usr/share/texmf-tetex/fonts/type1/bluesky/latex/lcircle
1.pfb></usr/share/texmf-tetex/fonts/type1/bluesky/cm/cmss12.pfb> </home/kevin/.
texmf-var/fonts/pk/ljfour/jknappen/ec/ecrm1200.600pk></usr/share/texmf-tetex/fo
nts/type1/bluesky/cm/cmsl12.pfb></usr/share/texmf-tetex/fonts/type1/bluesky/cm/
cmbx12.pfb></usr/share/texmf-tetex/fonts/type1/bluesky/cm/cmr12.pfb></usr/share
/texmf-tetex/fonts/type1/bluesky/cm/cmcsc10.pfb>
Output written on Cern.pdf (29 pages, 716810 bytes).
