\BOOKMARK [0][-]{chapter*.5}{Introduction}{}
\BOOKMARK [0][-]{chapter.1}{1 Le CERN}{}
\BOOKMARK [1][-]{section.1.1}{1.1 Pr\351sentation}{chapter.1}
\BOOKMARK [1][-]{section.1.2}{1.2 Situation actuelle}{chapter.1}
\BOOKMARK [1][-]{section.1.3}{1.3 Groupe AB-CO}{chapter.1}
\BOOKMARK [2][-]{subsection.1.3.1}{1.3.1 Salle de Contr\364le}{section.1.3}
\BOOKMARK [2][-]{subsection.1.3.2}{1.3.2 Section AB-CO-HT}{section.1.3}
\BOOKMARK [0][-]{chapter.2}{2 Les outils de d\351veloppements}{}
\BOOKMARK [1][-]{section.2.1}{2.1 Sch\351ma et Circuit imprim\351}{chapter.2}
\BOOKMARK [2][-]{subsection.2.1.1}{2.1.1 KiCaD}{section.2.1}
\BOOKMARK [2][-]{subsection.2.1.2}{2.1.2 gEDA}{section.2.1}
\BOOKMARK [1][-]{section.2.2}{2.2 Les Microcontr\364leurs}{chapter.2}
\BOOKMARK [2][-]{subsection.2.2.1}{2.2.1 Les PIC sous Linux}{section.2.2}
\BOOKMARK [2][-]{subsection.2.2.2}{2.2.2 Piklab}{section.2.2}
\BOOKMARK [0][-]{chapter.3}{3 Mesure d'une temp\351rature}{}
\BOOKMARK [1][-]{section.3.1}{3.1 Choix d'un capteur}{chapter.3}
\BOOKMARK [2][-]{subsection.3.1.1}{3.1.1 Capteurs actifs}{section.3.1}
\BOOKMARK [2][-]{subsection.3.1.2}{3.1.2 Capteurs passifs}{section.3.1}
\BOOKMARK [1][-]{section.3.2}{3.2 Pt100 : Circuit conditionneur}{chapter.3}
\BOOKMARK [2][-]{subsection.3.2.1}{3.2.1 Les circuits int\351gr\351s}{section.3.2}
\BOOKMARK [2][-]{subsection.3.2.2}{3.2.2 Un circuit adapt\351}{section.3.2}
\BOOKMARK [0][-]{chapter.4}{4 Transmission sans fil}{}
\BOOKMARK [1][-]{section.4.1}{4.1 Choix du protocole}{chapter.4}
\BOOKMARK [1][-]{section.4.2}{4.2 Le module Xbee}{chapter.4}
\BOOKMARK [0][-]{chapter.5}{5 L'USB}{}
\BOOKMARK [1][-]{section.5.1}{5.1 Human Interface Device}{chapter.5}
\BOOKMARK [1][-]{section.5.2}{5.2 Exploitation}{chapter.5}
\BOOKMARK [0][-]{chapter.6}{6 Impressions personnelles}{}
\BOOKMARK [0][-]{chapter*.20}{Conclusion}{}
\BOOKMARK [0][-]{chapter*.21}{Glossaire}{}
\BOOKMARK [0][-]{chapter*.23}{Bibliographie}{}
\BOOKMARK [0][-]{appendix.A}{A Tables Pt100}{}
\BOOKMARK [0][-]{appendix.B}{B Calcul d'incertitude}{}
\BOOKMARK [1][-]{section.B.1}{B.1 Donn\351es}{appendix.B}
\BOOKMARK [1][-]{section.B.2}{B.2 Les \351tapes}{appendix.B}
\BOOKMARK [0][-]{appendix.C}{C Cartes}{}
\BOOKMARK [1][-]{section.C.1}{C.1 Emetteur}{appendix.C}
\BOOKMARK [1][-]{section.C.2}{C.2 R\351cepteur}{appendix.C}
