This is pdfeTeX, Version 3.141592-1.21a-2.2 (Web2C 7.5.4) (format=latex 2007.5.5)  13 JUN 2007 00:19
entering extended mode
**RapportKR.tex
(./RapportKR.tex
LaTeX2e <2003/12/01>
Babel <v3.8d> and hyphenation patterns for american, french, german, ngerman, b
ahasa, basque, bulgarian, catalan, croatian, czech, danish, dutch, esperanto, e
stonian, finnish, greek, icelandic, irish, italian, latin, magyar, norsk, polis
h, portuges, romanian, russian, serbian, slovak, slovene, spanish, swedish, tur
kish, ukrainian, nohyphenation, loaded.
(/usr/share/texmf-tetex/tex/latex/base/report.cls
Document Class: report 2004/02/16 v1.4f Standard LaTeX document class
(/usr/share/texmf-tetex/tex/latex/base/size12.clo
File: size12.clo 2004/02/16 v1.4f Standard LaTeX file (size option)
)
\c@part=\count79
\c@chapter=\count80
\c@section=\count81
\c@subsection=\count82
\c@subsubsection=\count83
\c@paragraph=\count84
\c@subparagraph=\count85
\c@figure=\count86
\c@table=\count87
\abovecaptionskip=\skip41
\belowcaptionskip=\skip42
\bibindent=\dimen102
)
(/usr/share/texmf-tetex/tex/latex/base/inputenc.sty
Package: inputenc 2004/02/05 v1.0d Input encoding file

(/usr/share/texmf-tetex/tex/latex/base/latin1.def
File: latin1.def 2004/02/05 v1.0d Input encoding file
))
(/usr/share/texmf-tetex/tex/latex/tools/verbatim.sty
Package: verbatim 2003/08/22 v1.5q LaTeX2e package for verbatim enhancements
\every@verbatim=\toks14
\verbatim@line=\toks15
\verbatim@in@stream=\read1
)
(/usr/share/texmf-tetex/tex/latex/aeguill/aeguill.sty
Package: aeguill 2003/08/02 1.02 AE fonts with french guillemets (D. Roegel)

(/usr/share/texmf-tetex/tex/latex/ae/ae.sty
Package: ae 2001/02/12 1.3 Almost European Computer Modern

(/usr/share/texmf-tetex/tex/latex/base/fontenc.sty
Package: fontenc 2004/02/22 v1.99f Standard LaTeX package

(/usr/share/texmf-tetex/tex/latex/base/t1enc.def
File: t1enc.def 2004/02/22 v1.99f Standard LaTeX file
LaTeX Font Info:    Redeclaring font encoding T1 on input line 43.
)
LaTeX Font Info:    Try loading font information for T1+aer on input line 100.

(/usr/share/texmf-tetex/tex/latex/ae/t1aer.fd
File: t1aer.fd 1997/11/16 Font definitions for T1/aer.
))))
(/usr/share/texmf-tetex/tex/latex/amsfonts/amsfonts.sty
Package: amsfonts 2001/10/25 v2.2f
\@emptytoks=\toks16
\symAMSa=\mathgroup4
\symAMSb=\mathgroup5
LaTeX Font Info:    Overwriting math alphabet `\mathfrak' in version `bold'
(Font)                  U/euf/m/n --> U/euf/b/n on input line 132.
)
(/usr/share/texmf-tetex/tex/latex/tools/xspace.sty
Package: xspace 1997/10/13 v1.06 Space after command names (DPC)
)
(/usr/share/texmf-tetex/tex/latex/amsmath/amsmath.sty
Package: amsmath 2000/07/18 v2.13 AMS math features
\@mathmargin=\skip43

For additional information on amsmath, use the `?' option.
(/usr/share/texmf-tetex/tex/latex/amsmath/amstext.sty
Package: amstext 2000/06/29 v2.01

(/usr/share/texmf-tetex/tex/latex/amsmath/amsgen.sty
File: amsgen.sty 1999/11/30 v2.0
\@emptytoks=\toks17
\ex@=\dimen103
))
(/usr/share/texmf-tetex/tex/latex/amsmath/amsbsy.sty
Package: amsbsy 1999/11/29 v1.2d
\pmbraise@=\dimen104
)
(/usr/share/texmf-tetex/tex/latex/amsmath/amsopn.sty
Package: amsopn 1999/12/14 v2.01 operator names
)
\inf@bad=\count88
LaTeX Info: Redefining \frac on input line 211.
\uproot@=\count89
\leftroot@=\count90
LaTeX Info: Redefining \overline on input line 307.
\classnum@=\count91
\DOTSCASE@=\count92
LaTeX Info: Redefining \ldots on input line 379.
LaTeX Info: Redefining \dots on input line 382.
LaTeX Info: Redefining \cdots on input line 467.
\Mathstrutbox@=\box26
\strutbox@=\box27
\big@size=\dimen105
LaTeX Font Info:    Redeclaring font encoding OML on input line 567.
LaTeX Font Info:    Redeclaring font encoding OMS on input line 568.
\macc@depth=\count93
\c@MaxMatrixCols=\count94
\dotsspace@=\muskip10
\c@parentequation=\count95
\dspbrk@lvl=\count96
\tag@help=\toks18
\row@=\count97
\column@=\count98
\maxfields@=\count99
\andhelp@=\toks19
\eqnshift@=\dimen106
\alignsep@=\dimen107
\tagshift@=\dimen108
\tagwidth@=\dimen109
\totwidth@=\dimen110
\lineht@=\dimen111
\@envbody=\toks20
\multlinegap=\skip44
\multlinetaggap=\skip45
\mathdisplay@stack=\toks21
LaTeX Info: Redefining \[ on input line 2666.
LaTeX Info: Redefining \] on input line 2667.
)
(/usr/share/texmf-tetex/tex/latex/base/textcomp.sty
Package: textcomp 2004/02/22 v1.99f Standard LaTeX package
Package textcomp Info: Sub-encoding information:
(textcomp)               5 = only ISO-Adobe without \textcurrency
(textcomp)               4 = 5 + \texteuro
(textcomp)               3 = 4 + \textohm
(textcomp)               2 = 3 + \textestimated + \textcurrency
(textcomp)               1 = TS1 - \textcircled - \t
(textcomp)               0 = TS1 (full)
(textcomp)             Font families with sub-encoding setting implement
(textcomp)             only a restricted character set as indicated.
(textcomp)             Family '?' is the default used for unknown fonts.
(textcomp)             See the documentation for details.
Package textcomp Info: Setting ? sub-encoding to TS1/1 on input line 71.

(/usr/share/texmf-tetex/tex/latex/base/ts1enc.def
File: ts1enc.def 2001/06/05 v3.0e (jk/car/fm) Standard LaTeX file
)
LaTeX Info: Redefining \oldstylenums on input line 266.
Package textcomp Info: Setting cmr sub-encoding to TS1/0 on input line 281.
Package textcomp Info: Setting cmss sub-encoding to TS1/0 on input line 282.
Package textcomp Info: Setting cmtt sub-encoding to TS1/0 on input line 283.
Package textcomp Info: Setting cmvtt sub-encoding to TS1/0 on input line 284.
Package textcomp Info: Setting cmbr sub-encoding to TS1/0 on input line 285.
Package textcomp Info: Setting cmtl sub-encoding to TS1/0 on input line 286.
Package textcomp Info: Setting ccr sub-encoding to TS1/0 on input line 287.
Package textcomp Info: Setting ptm sub-encoding to TS1/4 on input line 288.
Package textcomp Info: Setting pcr sub-encoding to TS1/4 on input line 289.
Package textcomp Info: Setting phv sub-encoding to TS1/4 on input line 290.
Package textcomp Info: Setting ppl sub-encoding to TS1/3 on input line 291.
Package textcomp Info: Setting pag sub-encoding to TS1/4 on input line 292.
Package textcomp Info: Setting pbk sub-encoding to TS1/4 on input line 293.
Package textcomp Info: Setting pnc sub-encoding to TS1/4 on input line 294.
Package textcomp Info: Setting pzc sub-encoding to TS1/4 on input line 295.
Package textcomp Info: Setting bch sub-encoding to TS1/4 on input line 296.
Package textcomp Info: Setting put sub-encoding to TS1/5 on input line 297.
Package textcomp Info: Setting uag sub-encoding to TS1/5 on input line 298.
Package textcomp Info: Setting ugq sub-encoding to TS1/5 on input line 299.
Package textcomp Info: Setting ul8 sub-encoding to TS1/4 on input line 300.
Package textcomp Info: Setting ul9 sub-encoding to TS1/4 on input line 301.
Package textcomp Info: Setting augie sub-encoding to TS1/5 on input line 302.
Package textcomp Info: Setting dayrom sub-encoding to TS1/3 on input line 303.
Package textcomp Info: Setting dayroms sub-encoding to TS1/3 on input line 304.

Package textcomp Info: Setting pxr sub-encoding to TS1/0 on input line 305.
Package textcomp Info: Setting pxss sub-encoding to TS1/0 on input line 306.
Package textcomp Info: Setting pxtt sub-encoding to TS1/0 on input line 307.
Package textcomp Info: Setting txr sub-encoding to TS1/0 on input line 308.
Package textcomp Info: Setting txss sub-encoding to TS1/0 on input line 309.
Package textcomp Info: Setting txtt sub-encoding to TS1/0 on input line 310.
Package textcomp Info: Setting futs sub-encoding to TS1/4 on input line 311.
Package textcomp Info: Setting futx sub-encoding to TS1/4 on input line 312.
Package textcomp Info: Setting futj sub-encoding to TS1/4 on input line 313.
Package textcomp Info: Setting hlh sub-encoding to TS1/3 on input line 314.
Package textcomp Info: Setting hls sub-encoding to TS1/3 on input line 315.
Package textcomp Info: Setting hlst sub-encoding to TS1/3 on input line 316.
Package textcomp Info: Setting hlct sub-encoding to TS1/5 on input line 317.
Package textcomp Info: Setting hlx sub-encoding to TS1/5 on input line 318.
Package textcomp Info: Setting hlce sub-encoding to TS1/5 on input line 319.
Package textcomp Info: Setting hlcn sub-encoding to TS1/5 on input line 320.
Package textcomp Info: Setting hlcw sub-encoding to TS1/5 on input line 321.
Package textcomp Info: Setting hlcf sub-encoding to TS1/5 on input line 322.
Package textcomp Info: Setting pplx sub-encoding to TS1/3 on input line 323.
Package textcomp Info: Setting pplj sub-encoding to TS1/3 on input line 324.
Package textcomp Info: Setting ptmx sub-encoding to TS1/4 on input line 325.
Package textcomp Info: Setting ptmj sub-encoding to TS1/4 on input line 326.
)
(/usr/share/texmf-tetex/tex/latex/cancel/cancel.sty
Package: cancel 2000/03/12 v2.1 Cancel math terms
)
(/usr/share/texmf-tetex/tex/latex/mathcomp/mathcomp.sty
Package: mathcomp 2001/01/07 v0.1f (TBo)
\symTC=\mathgroup6
LaTeX Font Info:    Overwriting symbol font `TC' in version `bold'
(Font)                  TS1/cmr/m/n --> TS1/cmr/bx/n on input line 25.
LaTeX Font Info:    Redeclaring math symbol \dagger on input line 47.
LaTeX Font Info:    Redeclaring math symbol \ddagger on input line 48.
)
(/usr/share/texmf-tetex/tex/latex/base/makeidx.sty
Package: makeidx 2000/03/29 v1.0m Standard LaTeX package
)
(/usr/share/texmf-tetex/tex/latex/graphics/lscape.sty
Package: lscape 2000/10/22 v3.01 Landscape Pages (DPC)

(/usr/share/texmf-tetex/tex/latex/graphics/graphics.sty
Package: graphics 2001/07/07 v1.0n Standard LaTeX Graphics (DPC,SPQR)

(/usr/share/texmf-tetex/tex/latex/graphics/trig.sty
Package: trig 1999/03/16 v1.09 sin cos tan (DPC)
)
(/usr/share/texmf-tetex/tex/latex/graphics/graphics.cfg
File: graphics.cfg 2005/02/03 v1.3 graphics configuration of teTeX/TeXLive
)
Package graphics Info: Driver file: dvips.def on input line 80.

(/usr/share/texmf-tetex/tex/latex/graphics/dvips.def
File: dvips.def 1999/02/16 v3.0i Driver-dependant file (DPC,SPQR)
)))
(/usr/share/texmf-tetex/tex/latex/picins/picins.sty
Option `picins' Version 3.0 Sep. 1992, TH Darmstadt/HRZ
\@BILD=\box28
\@TEXT=\box29
\d@breite=\dimen112
\d@hoehe=\dimen113
\d@xoff=\dimen114
\d@yoff=\dimen115
\d@shad=\dimen116
\d@dash=\dimen117
\d@boxl=\dimen118
\d@pichskip=\dimen119
\d@tmp=\dimen120
\d@tmpa=\dimen121
\d@bskip=\dimen122
\hsiz@=\dimen123
\p@getot@l=\dimen124
\c@breite=\count100
\c@hoehe=\count101
\c@xoff=\count102
\c@yoff=\count103
\c@pos=\count104
\c@shad=\count105
\c@dash=\count106
\c@boxl=\count107
\c@zeilen=\count108
\@changemode=\count109
\c@piccaption=\count110
\c@piccaptionpos=\count111
\c@picpos=\count112
\c@whole=\count113
\c@half=\count114
\c@tmp=\count115
\c@tmpa=\count116
\c@tmpb=\count117
\c@tmpc=\count118
\c@tmpd=\count119
\d@leftskip=\skip46
\ptoti=\dimen125
\ptotii=\dimen126
\env@box=\box30
\d@envdp=\dimen127
\c@hsize=\count120
\c@envdp=\count121
\d@envb=\dimen128
)
(/usr/share/texmf-tetex/tex/latex/fancybox/fancybox.sty
Package: fancybox 2000/09/19 1.3

Style option: `fancybox' v1.3 <2000/09/19> (tvz)
\@fancybox=\box31
\shadowsize=\dimen129
\@Sbox=\box32
\do@VerbBox=\toks22
\the@fancyput=\toks23
\this@fancyput=\toks24
\EndVerbatimTokens=\toks25
\Verbatim@Outfile=\write3
\Verbatim@Infile=\read2
) (./shapepar.sty
\cutoutsep=\skip47
Package: shapepar 2002/12/30 v 2.0, Shaped paragraphs
\SH@scale=\dimen130
\SH@boxb=\box33
\SH@ntries=\count122
\spec@bot=\dimen131
\sqrtcount=\count123
\FPD@hi=\count124
) (/usr/share/texmf-tetex/tex/latex/fancyhdr/fancyhdr.sty
\fancy@headwidth=\skip48
\f@ncyO@elh=\skip49
\f@ncyO@erh=\skip50
\f@ncyO@olh=\skip51
\f@ncyO@orh=\skip52
\f@ncyO@elf=\skip53
\f@ncyO@erf=\skip54
\f@ncyO@olf=\skip55
\f@ncyO@orf=\skip56
)
(/usr/share/texmf-tetex/tex/latex/marvosym/marvosym.sty
Package: marvosym 2000/05/01 v2.0 Martin Vogel's Symbols font definitions
)
(/usr/share/texmf-tetex/tex/latex/supertabular/supertabular.sty
Package: supertabular 2004/02/20 v4.1e the supertabular environment
\c@tracingst=\count125
\ST@wd=\dimen132
\ST@rightskip=\skip57
\ST@leftskip=\skip58
\ST@parfillskip=\skip59
\ST@pageleft=\dimen133
\ST@headht=\dimen134
\ST@tailht=\dimen135
\ST@pagesofar=\dimen136
\ST@pboxht=\dimen137
\ST@lineht=\dimen138
\ST@stretchht=\dimen139
\ST@prevht=\dimen140
\ST@toadd=\dimen141
\ST@dimen=\dimen142
\ST@pbox=\box34
) (./ifsym.sty
Package: ifsym 2000/04/18 I.Kloeckl

(/usr/share/texmf-tetex/tex/latex/tools/calc.sty
Package: calc 1998/07/07 v4.1b Infix arithmetic (KKT,FJ)
\calc@Acount=\count126
\calc@Bcount=\count127
\calc@Adimen=\dimen143
\calc@Bdimen=\dimen144
\calc@Askip=\skip60
\calc@Bskip=\skip61
LaTeX Info: Redefining \setlength on input line 59.
LaTeX Info: Redefining \addtolength on input line 60.
\calc@denominator=\count128
)
\c@ifsymcnt=\count129
)
(/usr/share/texmf-tetex/tex/latex/tools/longtable.sty
Package: longtable 2004/02/01 v4.11 Multi-page Table package (DPC)
\LTleft=\skip62
\LTright=\skip63
\LTpre=\skip64
\LTpost=\skip65
\LTchunksize=\count130
\LTcapwidth=\dimen145
\LT@head=\box35
\LT@firsthead=\box36
\LT@foot=\box37
\LT@lastfoot=\box38
\LT@cols=\count131
\LT@rows=\count132
\c@LT@tables=\count133
\c@LT@chunks=\count134
\LT@p@ftn=\toks26
)
(/usr/share/texmf-tetex/tex/latex/listings/listings.sty
(/usr/share/texmf-tetex/tex/latex/graphics/keyval.sty
Package: keyval 1999/03/16 v1.13 key=value parser (DPC)
\KV@toks@=\toks27
)
\lst@mode=\count135
\lst@gtempboxa=\box39
\lst@token=\toks28
\lst@length=\count136
\lst@currlwidth=\dimen146
\lst@column=\count137
\lst@pos=\count138
\lst@lostspace=\dimen147
\lst@width=\dimen148
\lst@newlines=\count139
\lst@lineno=\count140
\c@lstlisting=\count141
\lst@maxwidth=\dimen149

(/usr/share/texmf-tetex/tex/latex/listings/lstpatch.sty
File: lstpatch.sty 2004/10/17 1.3b (Carsten Heinz)
)
(/usr/share/texmf-tetex/tex/latex/listings/lstmisc.sty
File: lstmisc.sty 2004/09/07 1.3 (Carsten Heinz)
\c@lstnumber=\count142
\lst@skipnumbers=\count143
\lst@framebox=\box40
)
(/usr/share/texmf-tetex/tex/latex/listings/listings.cfg
File: listings.cfg 2004/09/05 1.3 listings configuration
))
Package: listings 2004/10/17 1.3b (Carsten Heinz)

(/usr/share/texmf-tetex/tex/latex/tools/multicol.sty
Package: multicol 2004/02/14 v1.6e multicolumn formatting (FMi)
\c@tracingmulticols=\count144
\mult@box=\box41
\multicol@leftmargin=\dimen150
\c@unbalance=\count145
\c@collectmore=\count146
\doublecol@number=\count147
\multicoltolerance=\count148
\multicolpretolerance=\count149
\full@width=\dimen151
\page@free=\dimen152
\premulticols=\dimen153
\postmulticols=\dimen154
\multicolsep=\skip66
\multicolbaselineskip=\skip67
\partial@page=\box42
\last@line=\box43
\mult@rightbox=\box44
\mult@grightbox=\box45
\mult@gfirstbox=\box46
\mult@firstbox=\box47
\@tempa=\box48
\@tempa=\box49
\@tempa=\box50
\@tempa=\box51
\@tempa=\box52
\@tempa=\box53
\@tempa=\box54
\@tempa=\box55
\@tempa=\box56
\@tempa=\box57
\@tempa=\box58
\@tempa=\box59
\@tempa=\box60
\@tempa=\box61
\@tempa=\box62
\@tempa=\box63
\@tempa=\box64
\c@columnbadness=\count150
\c@finalcolumnbadness=\count151
\last@try=\dimen155
\multicolovershoot=\dimen156
\multicolundershoot=\dimen157
\mult@nat@firstbox=\box65
\colbreak@box=\box66
)
(/usr/share/texmf-tetex/tex/latex/was/upgreek.sty
Package: upgreek 2003/02/12 v2.0 (WaS)
Package upgreek Info: Using Euler Roman for upright Greek on input line 31.
\symugrf@m=\mathgroup7
LaTeX Font Info:    Overwriting symbol font `ugrf@m' in version `bold'
(Font)                  U/eur/m/n --> U/eur/b/n on input line 38.
)
(/usr/share/texmf-tetex/tex/generic/babel/babel.sty
Package: babel 2004/11/20 v3.8d The Babel package

(/usr/share/texmf-tetex/tex/generic/babel/english.ldf
Language: english 2004/06/14 v3.3o English support from the babel system

(/usr/share/texmf-tetex/tex/generic/babel/babel.def
File: babel.def 2004/11/20 v3.8d Babel common definitions
\babel@savecnt=\count152
\U@D=\dimen158
)
\l@british = a dialect from \language\l@english 
\l@UKenglish = a dialect from \language\l@english 
\l@canadian = a dialect from \language\l@american 
\l@australian = a dialect from \language\l@british 
\l@newzealand = a dialect from \language\l@british 
)
(/usr/share/texmf-tetex/tex/generic/babel/frenchb.ldf
Language: french 2004/04/02 v1.6f French support from the babel system
Package babel Info: Making : an active character on input line 219.
Package babel Info: Making ; an active character on input line 220.
Package babel Info: Making ! an active character on input line 221.
Package babel Info: Making ? an active character on input line 222.
\parindentFFN=\dimen159
\std@mcc=\count153
\dec@mcc=\count154

*************************************
* Local config file frenchb.cfg used
*
(/usr/share/texmf-tetex/tex/generic/babel/frenchb.cfg)))
(/usr/share/texmf-tetex/tex/latex/graphics/graphicx.sty
Package: graphicx 1999/02/16 v1.0f Enhanced LaTeX Graphics (DPC,SPQR)
\Gin@req@height=\dimen160
\Gin@req@width=\dimen161
)
(/usr/share/texmf-tetex/tex/latex/graphics/color.sty
Package: color 1999/02/16 v1.0i Standard LaTeX Color (DPC)

(/usr/share/texmf-tetex/tex/latex/graphics/color.cfg
File: color.cfg 2005/02/03 v1.3 color configuration of teTeX/TeXLive
)
Package color Info: Driver file: pdftex.def on input line 125.

(/usr/share/texmf-tetex/tex/latex/graphics/pdftex.def
File: pdftex.def 2002/06/19 v0.03k graphics/color for pdftex
\Gread@gobject=\count155
)
(/usr/share/texmf-tetex/tex/latex/graphics/dvipsnam.def
File: dvipsnam.def 1999/02/16 v3.0i Driver-dependant file (DPC,SPQR)
))
(/usr/share/texmf-tetex/tex/latex/pdfpages/pdfpages.sty
Package: pdfpages 2004/01/31 v0.3e Insert pages of external PDF documents (AM)

(/usr/share/texmf-tetex/tex/latex/base/ifthen.sty
Package: ifthen 2001/05/26 v1.1c Standard LaTeX ifthen package (DPC)
)
(/usr/share/texmf-tetex/tex/latex/eso-pic/eso-pic.sty
Package: eso-pic 2002/11/16 v1.1b eso-pic (RN)

(/usr/share/texmf-tetex/tex/latex/ms/everyshi.sty
Package: everyshi 2001/05/15 v3.00 EveryShipout Package (MS)
))
(/usr/share/texmf-tetex/tex/latex/pdfpages/pppdftex.def
File: pppdftex.def 2004/01/31 v0.3e Pdfpages driver for pdfTeX (AM)
)
\AM@pagebox=\box67
\AM@toc@title=\toks29
\c@AM@survey=\count156
)
(/usr/share/texmf-tetex/tex/latex/hyperref/hyperref.sty
Package: hyperref 2003/11/30 v6.74m Hypertext links for LaTeX
\@linkdim=\dimen162
\Hy@linkcounter=\count157
\Hy@pagecounter=\count158

(/usr/share/texmf-tetex/tex/latex/hyperref/pd1enc.def
File: pd1enc.def 2003/11/30 v6.74m Hyperref: PDFDocEncoding definition (HO)
)
(/usr/share/texmf-tetex/tex/latex/hyperref/hyperref.cfg
File: hyperref.cfg 2002/06/06 v1.2 hyperref configuration of TeXLive and teTeX
)
Package hyperref Info: Option `bookmarks' set `true' on input line 1830.
Package hyperref Info: Option `bookmarksnumbered' set `true' on input line 1830
.
Package hyperref Info: Option `colorlinks' set `true' on input line 1830.
Package hyperref Info: Option `plainpages' set `false' on input line 1830.
Package hyperref Info: Option `pdfpagelabels' set `true' on input line 1830.
Package hyperref Info: Option `bookmarks' set `true' on input line 1830.
Package hyperref Info: Option `breaklinks' set `true' on input line 1830.
Package hyperref Info: Option `hyperindex' set `true' on input line 1830.
Package hyperref Info: Option `linktocpage' set `true' on input line 1830.
Package hyperref Info: Hyper figures OFF on input line 1880.
Package hyperref Info: Link nesting OFF on input line 1885.
Package hyperref Info: Hyper index ON on input line 1888.
Package hyperref Info: Plain pages OFF on input line 1895.
Package hyperref Info: Backreferencing OFF on input line 1900.

Implicit mode ON; LaTeX internals redefined
Package hyperref Info: Bookmarks ON on input line 2004.
(/usr/share/texmf-tetex/tex/latex/url/url.sty
\Urlmuskip=\muskip11
Package: url 2004/03/15  ver 3.1  Verb mode for urls, etc.
)
LaTeX Info: Redefining \url on input line 2143.
\Fld@menulength=\count159
\Field@Width=\dimen163
\Fld@charsize=\dimen164
\Choice@toks=\toks30
\Field@toks=\toks31
Package hyperref Info: Hyper figures OFF on input line 2618.
Package hyperref Info: Link nesting OFF on input line 2623.
Package hyperref Info: Hyper index ON on input line 2626.
Package hyperref Info: backreferencing OFF on input line 2633.
Package hyperref Info: Link coloring ON on input line 2636.
\Hy@abspage=\count160
\c@Item=\count161
\c@Hfootnote=\count162
)
*hyperref using driver hpdftex*
(/usr/share/texmf-tetex/tex/latex/hyperref/hpdftex.def
File: hpdftex.def 2003/11/30 v6.74m Hyperref driver for pdfTeX

(/usr/share/texmf-tetex/tex/latex/psnfss/pifont.sty
Package: pifont 2004/09/15 PSNFSS-v9.2 Pi font support (SPQR) 
LaTeX Font Info:    Try loading font information for U+pzd on input line 63.

(/usr/share/texmf-tetex/tex/latex/psnfss/upzd.fd
File: upzd.fd 2001/06/04 font definitions for U/pzd.
)
LaTeX Font Info:    Try loading font information for U+psy on input line 64.

(/usr/share/texmf-tetex/tex/latex/psnfss/upsy.fd
File: upsy.fd 2001/06/04 font definitions for U/psy.
))
\Fld@listcount=\count163
\@outlinefile=\write4
)
\@indexfile=\write5
\openout5 = `RapportKR.idx'.


Writing index file RapportKR.idx
(./RapportKR.aux (./source/Annexe1.aux) (./source/Annexe2.aux

LaTeX Warning: Label `rslt' multiply defined.


LaTeX Warning: Label `rslt2' multiply defined.

) (./source/Annexe3.aux) (./source/Resume.aux))
\openout1 = `RapportKR.aux'.

LaTeX Font Info:    Checking defaults for OML/cmm/m/it on input line 260.
LaTeX Font Info:    ... okay on input line 260.
LaTeX Font Info:    Checking defaults for T1/cmr/m/n on input line 260.
LaTeX Font Info:    ... okay on input line 260.
LaTeX Font Info:    Checking defaults for OT1/cmr/m/n on input line 260.
LaTeX Font Info:    ... okay on input line 260.
LaTeX Font Info:    Checking defaults for OMS/cmsy/m/n on input line 260.
LaTeX Font Info:    ... okay on input line 260.
LaTeX Font Info:    Checking defaults for OMX/cmex/m/n on input line 260.
LaTeX Font Info:    ... okay on input line 260.
LaTeX Font Info:    Checking defaults for U/cmr/m/n on input line 260.
LaTeX Font Info:    ... okay on input line 260.
LaTeX Font Info:    Checking defaults for TS1/cmr/m/n on input line 260.
LaTeX Font Info:    Try loading font information for TS1+cmr on input line 260.


(/usr/share/texmf-tetex/tex/latex/base/ts1cmr.fd
File: ts1cmr.fd 1999/05/25 v2.5h Standard LaTeX font definitions
)
LaTeX Font Info:    ... okay on input line 260.
LaTeX Font Info:    Checking defaults for PD1/pdf/m/n on input line 260.
LaTeX Font Info:    ... okay on input line 260.
LaTeX Info: Redefining \dots on input line 260.

(/usr/share/texmf-tetex/tex/context/base/supp-pdf.tex
(/usr/share/texmf-tetex/tex/context/base/supp-mis.tex
loading : Context Support Macros / Miscellaneous (2004.10.26)
\protectiondepth=\count164
\scratchcounter=\count165
\scratchtoks=\toks32
\scratchdimen=\dimen165
\scratchskip=\skip68
\scratchmuskip=\muskip12
\scratchbox=\box68
\scratchread=\read3
\scratchwrite=\write6
\zeropoint=\dimen166
\onepoint=\dimen167
\onebasepoint=\dimen168
\minusone=\count166
\thousandpoint=\dimen169
\onerealpoint=\dimen170
\emptytoks=\toks33
\nextbox=\box69
\nextdepth=\dimen171
\everyline=\toks34
\!!counta=\count167
\!!countb=\count168
\recursecounter=\count169
)
loading : Context Support Macros / PDF (2004.03.26)
\nofMPsegments=\count170
\nofMParguments=\count171
\MPscratchCnt=\count172
\MPscratchDim=\dimen172
\MPnumerator=\count173
\everyMPtoPDFconversion=\toks35
) ABD: EveryShipout initializing macros
Package hyperref Info: Link coloring ON on input line 260.

(/usr/share/texmf-tetex/tex/latex/hyperref/nameref.sty
Package: nameref 2003/12/03 v2.21 Cross-referencing by name of section
\c@section@level=\count174
)
LaTeX Info: Redefining \ref on input line 260.
LaTeX Info: Redefining \pageref on input line 260.
 (./RapportKR.out)
(./RapportKR.out)
\openout4 = `RapportKR.out'.

LaTeX Font Info:    Try loading font information for T1+aess on input line 267.

 (/usr/share/texmf-tetex/tex/latex/ae/t1aess.fd
File: t1aess.fd 1997/11/16 Font definitions for T1/aess.
)
LaTeX Font Info:    Try loading font information for U+msa on input line 267.

(/usr/share/texmf-tetex/tex/latex/amsfonts/umsa.fd
File: umsa.fd 2002/01/19 v2.2g AMS font definitions
)
LaTeX Font Info:    Try loading font information for U+msb on input line 267.

(/usr/share/texmf-tetex/tex/latex/amsfonts/umsb.fd
File: umsb.fd 2002/01/19 v2.2g AMS font definitions
)
<./img/CERN_logo.jpg, id=159, 578.16pt x 578.16pt>
File: ./img/CERN_logo.jpg Graphic file (type jpg)
 <use ./img/CERN_logo.jpg>
<./img/A.jpg, id=160, 1196.47pt x 419.5675pt>
File: ./img/A.jpg Graphic file (type jpg)
 <use ./img/A.jpg>
Underfull \hbox (badness 6592) in paragraph at lines 267--267
[]\T1/aer/m/n/24.88 Mesure d'une tem-pé-ra-ture
 []

[1

{/var/lib/texmf/fonts/map/pdftex/updmap/pdftex.map} <./img/CERN_logo.jpg> <./im
g/A.jpg>] [1] (./source/Merci.tex
LaTeX Font Info:    Try loading font information for T1+lmr on input line 14.
LaTeX Font Info:    No file T1lmr.fd. on input line 14.


LaTeX Font Warning: Font shape `T1/lmr/m/n' undefined
(Font)              using `T1/cmr/m/n' instead on input line 14.

(0) Try shape with scale 50.53125pt.  (Delta = 0.0).   . . . . . . . . . . . .
. . . . . . . . . . . . . . . . Formatting.  Expected 28 lines; got 17 lines
(1) Try shape with scale 44.9057pt.  (Delta = -5.62555).   . . . . . . . . . .
. . . . . . . . . . . . . . . Formatting.  Expected 25 lines; got 20 lines
(2) Try shape with scale 39.28015pt.  (Delta = -5.62555).   . . . . . . . . .
. . . . . . . . . . . . . Formatting.  Expected 22 lines; got 23 lines
(3) Try shape with scale 42.26167pt.  (Delta = 2.98152).   . . . . . . . . . .
. . . . . . . . . . . . . . Formatting.  Expected 24 lines; got 25 lines
(4) Try shape with scale 43.84187pt.  (Delta = 1.5802).   . . . . . . . . . .
. . . . . . . . . . . . . . Formatting.  Expected 24 lines; got 20 lines
(5) Try shape with scale 42.98859pt.  (Delta = -0.85329).   . . . . . . . . .
. . . . . . . . . . . . . . . Formatting.  Expected 24 lines; got 21 lines
(6) Try shape with scale 42.52783pt.  (Delta = -0.46075).   . . . . . . . . .
. . . . . . . . . . . . . . . Formatting.  Expected 24 lines; got 21 lines
(7) Try shape with scale 42.27904pt.  (Delta = -0.2488).   . . . . . . . . . .
. . . . . . . . . . . . . . Formatting.  Expected 24 lines; got 25 lines
(8) Try shape with scale 42.41089pt.  (Delta = 0.13185).   . . . . . . . . . .
. . . . . . . . . . . . . . Formatting.  Expected 24 lines; got 25 lines
(9) Try shape with scale 42.48076pt.  (Delta = 0.06987).   . . . . . . . . . .
. . . . . . . . . . . . . . Formatting.  Expected 24 lines; got 21 lines
Reformat paragraph with \rightskip= 0.0pt.
Overfull \hbox (24571.23178pt too wide) in paragraph at lines 14--14
[] 
 []

Reformat paragraph with \rightskip= 0.00002pt plus 2.0pt minus 1.0pt.
Overfull \hbox (24571.23178pt too wide) in paragraph at lines 14--14
[]  
 []

Reformat paragraph with \rightskip= 0.00005pt plus 6.0pt minus 3.0pt.
Overfull \hbox (24571.23178pt too wide) in paragraph at lines 14--14
[]  
 []

Reformat paragraph with \rightskip= 0.0001pt plus 14.0pt minus 7.0pt.
Restacking.) [2

] (./RapportKR.toc [3

]
Underfull \hbox (badness 10000) in paragraph at lines 61--61

 []

)
\tf@toc=\write7
\openout7 = `RapportKR.toc'.

 [4] (./RapportKR.lof)
\tf@lof=\write8
\openout8 = `RapportKR.lof'.

 [5

] (./source/intro.tex
Underfull \hbox (badness 10000) in paragraph at lines 12--13

 []

LaTeX Font Info:    Try loading font information for TS1+aer on input line 14.
LaTeX Font Info:    No file TS1aer.fd. on input line 14.

LaTeX Font Warning: Font shape `TS1/aer/m/n' undefined
(Font)              using `TS1/cmr/m/n' instead
(Font)              for symbol `textdegree' on input line 14.


Underfull \hbox (badness 10000) in paragraph at lines 26--27

 []

) (./source/GNU.tex
! pdfTeX warning (ext4): destination with the same identifier (name{page.1}) ha
s been already used, duplicate ignored
<to be read again> 
                   \penalty 
l.2 \chapter
            {Le CERN} [1


]
Chapitre 1.

Underfull \hbox (badness 10000) in paragraph at lines 8--9

 []


Underfull \hbox (badness 10000) in paragraph at lines 16--17

 []


Underfull \hbox (badness 10000) in paragraph at lines 23--24

 []

[2

] <./img/LHCps.jpg, id=289, 511.9125pt x 313.17pt>
File: ./img/LHCps.jpg Graphic file (type jpg)
 <use ./img/LHCps.jpg>
Underfull \hbox (badness 10000) in paragraph at lines 35--36

 []

<./img/AB.jpg, id=290, 55.20625pt x 55.20625pt>
File: ./img/AB.jpg Graphic file (type jpg)
 <use ./img/AB.jpg> [3 <./img/AB.jpg> <./img/LHCps.jpg>]
Underfull \hbox (badness 10000) in paragraph at lines 37--38

 []


Underfull \hbox (badness 10000) in paragraph at lines 40--41

 []


Underfull \hbox (badness 10000) in paragraph at lines 42--43

 []


Underfull \hbox (badness 10000) in paragraph at lines 44--45

 []


Underfull \hbox (badness 10000) in paragraph at lines 51--52

 []

<./img/salleCtrl.jpg, id=306, 367.3725pt x 247.92625pt>
File: ./img/salleCtrl.jpg Graphic file (type jpg)

<use ./img/salleCtrl.jpg>
File: ./img/AB.jpg Graphic file (type jpg)
 <use ./img/AB.jpg> [4]
Underfull \hbox (badness 10000) in paragraph at lines 68--69

 []

File: ./img/AB.jpg Graphic file (type jpg)
<use ./img/AB.jpg> [5 <./img/salleCtrl.jpg>]
Chapitre 2.

Underfull \hbox (badness 10000) in paragraph at lines 79--81

 []

<./img/GNU.png, id=327, 537.00626pt x 524.96124pt>
File: ./img/GNU.png Graphic file (type png)
 <use ./img/GNU.png>
Underfull \hbox (badness 10000) in paragraph at lines 82--83

 []


Underfull \hbox (badness 10000) in paragraph at lines 84--85

 []

<./img/NewTux.jpg, id=328, 200.75pt x 240.9pt>
File: ./img/NewTux.jpg Graphic file (type jpg)
 <use ./img/NewTux.jpg>
Underfull \hbox (badness 10000) in paragraph at lines 95--97

 []

File: ./img/AB.jpg Graphic file (type jpg)
<use ./img/AB.jpg> [6

 <./img/GNU.png> <./img/NewTux.jpg>]
Underfull \hbox (badness 10000) in paragraph at lines 107--108

 []


Overfull \hbox (0.4042pt too wide) in paragraph at lines 113--114
[]\T1/aer/bx/n/12 Gerbview\T1/aer/m/n/12 , un gé-né-ra-teur de fi-chier GER-BER
 (do-cu-ments de pho-to-tra-çages), 
 []


Underfull \hbox (badness 10000) in paragraph at lines 123--124

 []


Underfull \hbox (badness 10000) in paragraph at lines 136--137

 []

File: ./img/AB.jpg Graphic file (type jpg)
<use ./img/AB.jpg> [7]
Underfull \hbox (badness 10000) in paragraph at lines 138--139

 []


Underfull \hbox (badness 10000) in paragraph at lines 140--141

 []


Underfull \hbox (badness 10000) in paragraph at lines 142--146

 []


Underfull \hbox (badness 10000) in paragraph at lines 151--152

 []


Underfull \hbox (badness 10000) in paragraph at lines 164--165

 []

File: ./img/AB.jpg Graphic file (type jpg)
<use ./img/AB.jpg> [8] <./img/gEDA.png, id=355, 538.01pt x 213.79875pt>
File: ./img/gEDA.png Graphic file (type png)

<use ./img/gEDA.png>
Overfull \hbox (5.5638pt too wide) in paragraph at lines 166--168
[]\T1/aer/m/n/12 Comment l'ins-tal-ler? La der-nière ver-sion de gEDA[]
 []


Underfull \hbox (badness 10000) in paragraph at lines 175--176

 []

<./img/gedaSy.jpg, id=356, 575.2692pt x 598.3956pt>
File: ./img/gedaSy.jpg Graphic file (type jpg)
 <use ./img/gedaSy.jpg>
File: ./img/AB.jpg Graphic file (type jpg)

<use ./img/AB.jpg> [9 <./img/gEDA.png> <./img/gedaSy.jpg>]
Underfull \hbox (badness 10000) in paragraph at lines 193--194

 []


Underfull \hbox (badness 10000) in paragraph at lines 195--196

 []


Underfull \hbox (badness 10000) in paragraph at lines 197--198

 []

<./img/pcb.png, id=369, 165.61874pt x 111.41624pt>
File: ./img/pcb.png Graphic file (type png)
 <use ./img/pcb.png>
Underfull \hbox (badness 10000) in paragraph at lines 205--206

 []


Underfull \hbox (badness 10000) in paragraph at lines 213--214

 []


Underfull \hbox (badness 10000) in paragraph at lines 215--216

 []

File: ./img/AB.jpg Graphic file (type jpg)
<use ./img/AB.jpg> [10 <./img/pcb.png>]
Underfull \hbox (badness 10000) in paragraph at lines 219--220

 []

File: ./img/AB.jpg Graphic file (type jpg)
<use ./img/AB.jpg> [11]
Underfull \hbox (badness 10000) in paragraph at lines 254--255

 []


Underfull \hbox (badness 10000) in paragraph at lines 262--263

 []


Underfull \hbox (badness 10000) in paragraph at lines 267--268

 []

) (./source/Mesure.tex
File: ./img/AB.jpg Graphic file (type jpg)
 <use ./img/AB.jpg> [12]
Chapitre 3.
<./img/galilee.jpg, id=401, 128.48pt x 331.2375pt>
File: ./img/galilee.jpg Graphic file (type jpg)
 <use ./img/galilee.jpg>
Underfull \hbox (badness 10000) in paragraph at lines 6--7

 []


Underfull \hbox (badness 10000) in paragraph at lines 13--14

 []


Underfull \hbox (badness 10000) in paragraph at lines 19--21

 []


Underfull \hbox (badness 10000) in paragraph at lines 22--23

 []

[13

 <./img/galilee.jpg>]
Underfull \hbox (badness 10000) in paragraph at lines 30--31

 []


Overfull \hbox (8.85011pt too wide) in paragraph at lines 40--41
[]\T1/aer/m/n/12 Les ther-mis-tances sont consti-tuées à par-tir d'oxydes mé-ta
l-liques semi-conducteurs
 []


Underfull \hbox (badness 10000) in paragraph at lines 42--43

 []


Underfull \hbox (badness 10000) in paragraph at lines 47--48

 []

File: ./img/AB.jpg Graphic file (type jpg)
<use ./img/AB.jpg> [14]
Underfull \hbox (badness 10000) in paragraph at lines 53--54

 []


Underfull \hbox (badness 10000) in paragraph at lines 57--58

 []


Underfull \hbox (badness 10000) in paragraph at lines 61--62

 []


Underfull \hbox (badness 10000) in paragraph at lines 63--64

 []


Underfull \hbox (badness 10000) in paragraph at lines 67--68

 []

File: ./img/AB.jpg Graphic file (type jpg)
<use ./img/AB.jpg> [15]
Underfull \hbox (badness 10000) in paragraph at lines 71--72

 []


Underfull \hbox (badness 10000) in paragraph at lines 85--86

 []


Underfull \hbox (badness 10000) in paragraph at lines 87--88

 []

<./img/ADT70.jpg, id=420, 416.55624pt x 245.91875pt>
File: ./img/ADT70.jpg Graphic file (type jpg)
 <use ./img/ADT70.jpg>

LaTeX Warning: `h' float specifier changed to `ht'.


Underfull \hbox (badness 10000) in paragraph at lines 99--100

 []


Underfull \hbox (badness 10000) in paragraph at lines 101--102

 []

File: ./img/AB.jpg Graphic file (type jpg)
<use ./img/AB.jpg> [16]
Underfull \hbox (badness 10000) in paragraph at lines 103--104

 []


Underfull \hbox (badness 10000) in paragraph at lines 109--110

 []

<./img/Fet.jpg, id=432, 85.31876pt x 139.52126pt>
File: ./img/Fet.jpg Graphic file (type jpg)
 <use ./img/Fet.jpg>
Underfull \hbox (badness 10000) in paragraph at lines 118--119

 []

File: ./img/AB.jpg Graphic file (type jpg)
<use ./img/AB.jpg> [17 <./img/ADT70.jpg>]
<./img/PNP.jpg, id=441, 192.72pt x 224.84pt>
File: ./img/PNP.jpg Graphic file (type jpg)
 <use ./img/PNP.jpg>
Underfull \hbox (badness 10000) in paragraph at lines 120--121

 []

<./img/aop.png, id=442, 349.305pt x 167.62625pt>
File: ./img/aop.png Graphic file (type png)
 <use ./img/aop.png>
Underfull \hbox (badness 10000) in paragraph at lines 142--143

 []

File: ./img/AB.jpg Graphic file (type jpg)
<use ./img/AB.jpg> [18 <./img/Fet.jpg> <./img/PNP.jpg> <./img/aop.png>]
<./img/pont.jpg, id=459, 853.1875pt x 581.17125pt>
File: ./img/pont.jpg Graphic file (type jpg)
 <use ./img/pont.jpg>
Overfull \hbox (1.04646pt too wide) in paragraph at lines 157--158
[]\T1/aer/m/n/12 Pour cela j'ai choisi des ré-sis-tances de pré-ci-sion à couch
e mé-tal-lique. Le construc-
 []


Underfull \hbox (badness 10000) in paragraph at lines 157--158

 []


Underfull \hbox (badness 10000) in paragraph at lines 159--160

 []

File: ./img/AB.jpg Graphic file (type jpg)
<use ./img/AB.jpg> [19 <./img/pont.jpg>]
Underfull \hbox (badness 10000) in paragraph at lines 166--167

 []


Underfull \hbox (badness 10000) in paragraph at lines 174--175

 []


Underfull \hbox (badness 10000) in paragraph at lines 176--177

 []


Underfull \hbox (badness 10000) in paragraph at lines 180--181

 []


Underfull \hbox (badness 10000) in paragraph at lines 188--189

 []

File: ./img/AB.jpg Graphic file (type jpg)
<use ./img/AB.jpg> [20]
Underfull \hbox (badness 10000) in paragraph at lines 206--207

 []


Overfull \hbox (20.94312pt too wide) in paragraph at lines 232--233
\T1/aess/m/n/12 shared / enseignement / divers / 060914 % 20Mesure % 20de % 20t
empérature % 20Pt100-[]Pt1000 .
 []

) (./source/Transmission.tex
File: ./img/AB.jpg Graphic file (type jpg)
 <use ./img/AB.jpg> [21]
Chapitre 4.

Underfull \hbox (badness 10000) in paragraph at lines 4--5

 []


Underfull \hbox (badness 10000) in paragraph at lines 31--32

 []

[22

]
Underfull \hbox (badness 10000) in paragraph at lines 42--43

 []


Underfull \hbox (badness 10000) in paragraph at lines 48--49

 []

<./img/xbee.jpg, id=515, 118.19156pt x 147.55125pt>
File: ./img/xbee.jpg Graphic file (type jpg)
 <use ./img/xbee.jpg>
Underfull \hbox (badness 10000) in paragraph at lines 54--55

 []


Underfull \hbox (badness 10000) in paragraph at lines 60--61

 []


Underfull \hbox (badness 10000) in paragraph at lines 62--63

 []

) (./source/USB.tex
File: ./img/AB.jpg Graphic file (type jpg)
 <use ./img/AB.jpg> [23 <./img/xbee.jpg>]
Chapitre 5.

Underfull \hbox (badness 10000) in paragraph at lines 21--22

 []


Underfull \hbox (badness 10000) in paragraph at lines 23--24

 []


Underfull \hbox (badness 10000) in paragraph at lines 28--29

 []


Underfull \hbox (badness 10000) in paragraph at lines 30--31

 []

[24

]
Underfull \hbox (badness 10000) in paragraph at lines 33--34

 []


Underfull \hbox (badness 10000) in paragraph at lines 39--40

 []


Underfull \hbox (badness 10000) in paragraph at lines 43--44

 []

) (./source/perso.tex
File: ./img/AB.jpg Graphic file (type jpg)
 <use ./img/AB.jpg> [25]
Chapitre 6.

Underfull \hbox (badness 10000) in paragraph at lines 4--5

 []


Underfull \hbox (badness 10000) in paragraph at lines 11--12

 []


Underfull \hbox (badness 10000) in paragraph at lines 13--14

 []


Underfull \hbox (badness 10000) in paragraph at lines 19--20

 []

[26

]
Underfull \hbox (badness 10000) in paragraph at lines 27--28

 []


Underfull \hbox (badness 10000) in paragraph at lines 29--30

 []


Underfull \hbox (badness 10000) in paragraph at lines 31--32

 []


Overfull \hbox (38.71852pt too wide) in paragraph at lines 33--34
\T1/aess/m/n/12 cmsdoc . cern . ch / cmscluster / newcacti / graph _ image . ph
p ? action = view&local _ graph _ id = 18&rra _
 []

) [27

] (./source/glossaire.tex
Underfull \hbox (badness 10000) in paragraph at lines 10--21

 []


Underfull \hbox (badness 10000) in paragraph at lines 23--33

 []

[28

]
Overfull \hbox (7.39783pt too wide) in paragraph at lines 42--58
[][]$\T1/aess/m/n/12 http : / / www . iut-[]lannion . fr / LEMEN / MPDOC / CMME
ST / mtherres . htm$[][]\T1/aer/m/n/12 , me-sure de tem-
 []


Overfull \hbox (12.34462pt too wide) in paragraph at lines 42--58
[][]$\T1/aess/m/n/12 http : / / perso . orange . fr / michel . hubin / physique
 / elec / chap _ aop2 . htm$[][]\T1/aer/m/n/12 , di-vers sché-mas élec-
 []


Overfull \hbox (7.43686pt too wide) in paragraph at lines 42--58
[][]$\T1/aess/m/n/12 http : / / www . todopic . com . ar / foros / index . php 
? topic = 16393 . 0 ; topicseen$[][]\T1/aer/m/n/12 , un bon exemple
 []


Overfull \hbox (18.78938pt too wide) in paragraph at lines 42--58
[][]$\T1/aess/m/n/12 http : / / www . analog . com / UploadedFiles / Associated
 _ Docs / 49470200sscsect2 . PDF$[][]\T1/aer/m/n/12 , un dos-
 []


Overfull \hbox (7.07509pt too wide) in paragraph at lines 42--58
[][]$\T1/aess/m/n/12 http : / / lpm . ep^^] . ch / webdav / site / lpm / shared
 / enseignement / divers / 060914 % 20Mesure %
 []


Overfull \hbox (5.61203pt too wide) in paragraph at lines 42--58
[][]$\T1/aess/m/n/12 http : / / aviatechno . free . fr / thermo / rtd03 . ph$[]
[] \T1/aer/m/n/12 des ex-pli-ca-tions sur la li-néa-rité de la Pt100. 
 []


Underfull \hbox (badness 10000) in paragraph at lines 42--58

 []

) [29

]

LaTeX Font Warning: Font shape `T1/aer/bx/sc' undefined
(Font)              using `T1/aer/bx/n' instead on input line 331.

[30


]
\openout2 = `./source/Annexe1.aux'.

 (./source/Annexe1.tex
Annexe A.

LaTeX Font Warning: Font shape `TS1/aer/bx/n' undefined
(Font)              using `TS1/aer/m/n' instead
(Font)              for symbol `textdegree' on input line 23.

! pdfTeX warning (ext4): destination with the same identifier (name{page.1}) ha
s been already used, duplicate ignored
<to be read again> 
                   \penalty 
l.60 ...& 152.46& 152.83& 153.21&  130.00 \\\hline
                                                   [1


]
! pdfTeX warning (ext4): destination with the same identifier (name{page.2}) ha
s been already used, duplicate ignored
<to be read again> 
                   \penalty 
l.110 ...& 312.74& 313.06& 313.39& 590.00 \\\hline
                                                   [2])
! pdfTeX warning (ext4): destination with the same identifier (name{page.3}) ha
s been already used, duplicate ignored
<to be read again> 
                   \penalty 
l.337 \include{./source/Annexe1}
                                 [3]
\openout2 = `./source/Annexe2.aux'.

 (./source/Annexe2.tex
Annexe B.

LaTeX Warning: Command \` invalid in math mode on input line 12.

Missing character: There is no à in font cmr12!

LaTeX Warning: Command \` invalid in math mode on input line 13.

Missing character: There is no à in font cmr12!

Underfull \hbox (badness 10000) in paragraph at lines 11--18

 []


Underfull \hbox (badness 10000) in paragraph at lines 23--24

 []

! pdfTeX warning (ext4): destination with the same identifier (name{page.4}) ha
s been already used, duplicate ignored
<to be read again> 
                   \penalty 
l.38 D
      'où $\Delta \delta R=(\delta R(\theta)\times 0,01\%)=0,0012~\Omega$. F...
[4



]
Underfull \hbox (badness 10000) in paragraph at lines 44--45

 []

! pdfTeX warning (ext4): destination with the same identifier (name{page.5}) ha
s been already used, duplicate ignored
<to be read again> 
                   \penalty 
l.80 \subsubsection
                   {Incertitude sur $V_B$} [5]
! pdfTeX warning (ext4): destination with the same identifier (name{page.6}) ha
s been already used, duplicate ignored
<to be read again> 
                   \penalty 
l.116 \end{equation}
                     [6]
! pdfTeX warning (ext4): destination with the same identifier (name{page.7}) ha
s been already used, duplicate ignored
<to be read again> 
                   \penalty 
l.158 \end{equation}
                     [7]
! pdfTeX warning (ext4): destination with the same identifier (name{page.8}) ha
s been already used, duplicate ignored
<to be read again> 
                   \penalty 
l.206 \begin{center}
                     [8])
! pdfTeX warning (ext4): destination with the same identifier (name{page.9}) ha
s been already used, duplicate ignored
<to be read again> 
                   \penalty 
l.338 \include{./source/Annexe2}
                                 [9]
\openout2 = `./source/Annexe3.aux'.

 (./source/Annexe3.tex
Annexe C.
! pdfTeX warning (ext4): destination with the same identifier (name{page.10}) h
as been already used, duplicate ignored
<to be read again> 
                   \penalty 
l.15 \begin{landscape}
                       [10



] <./img/Emet.png, id=649, 803.0pt x 602.25pt>
File: ./img/Emet.png Graphic file (type png)

<use ./img/Emet.png>
Overfull \hbox (152.99805pt too wide) in paragraph at lines 18--19
[][] 
 []


LaTeX Warning: Float too large for page by 206.74852pt on input line 20.


LaTeX Warning: `h' float specifier changed to `ht'.

! pdfTeX warning (ext4): destination with the same identifier (name{page.11}) h
as been already used, duplicate ignored
<to be read again> 
                   \penalty 
l.21 \end{landscape}
                     [11 <./img/Emet.png>]
<Emetteur.pdf, id=659, page=2, 614.295pt x 794.97pt>
File: Emetteur.pdf Graphic file (type pdf)

<use Emetteur.pdf, page 2>
File: Emetteur.pdf Graphic file (type pdf)
 <use Emetteur.pdf, page 2>
File: Emetteur.pdf Graphic file (type pdf)

<use Emetteur.pdf, page 2>
File: Emetteur.pdf Graphic file (type pdf)
 <use Emetteur.pdf, page 2>
! pdfTeX warning (ext4): destination with the same identifier (name{page.12}) h
as been already used, duplicate ignored
<to be read again> 
                   \penalty 
l.23 ...command={\thispagestyle{plain}}]{Emetteur}
                                                  
File: Emetteur.pdf Graphic file (type pdf)
 <use Emetteur.pdf, page 2>
[12


 <./Emetteur.pdf>] <Emetteur.pdf, id=666, page=3, 614.295pt x 794.97pt>
File: Emetteur.pdf Graphic file (type pdf)

<use Emetteur.pdf, page 3>
File: Emetteur.pdf Graphic file (type pdf)
 <use Emetteur.pdf, page 3>
! pdfTeX warning (ext4): destination with the same identifier (name{page.13}) h
as been already used, duplicate ignored
<to be read again> 
                   \penalty 
l.23 ...command={\thispagestyle{plain}}]{Emetteur}
                                                  
File: Emetteur.pdf Graphic file (type pdf)
 <use Emetteur.pdf, page 3>
[13 <./Emetteur.pdf>] <Emetteur.pdf, id=672, page=11, 614.295pt x 794.97pt>
File: Emetteur.pdf Graphic file (type pdf)

<use Emetteur.pdf, page 11>
File: Emetteur.pdf Graphic file (type pdf)
 <use Emetteur.pdf, page 11>
! pdfTeX warning (ext4): destination with the same identifier (name{page.14}) h
as been already used, duplicate ignored
<to be read again> 
                   \penalty 
l.23 ...command={\thispagestyle{plain}}]{Emetteur}
                                                  
File: Emetteur.pdf Graphic file (type pdf)
 <use Emetteur.pdf, page 11>
[14 <./Emetteur.pdf>]

LaTeX Warning: No positions in optional float specifier.
               Default added (so using `tbp') on input line 28.

<./img/Recep.png, id=677, 803.0pt x 602.25pt>
File: ./img/Recep.png Graphic file (type png)
 <use ./img/Recep.png>
Overfull \hbox (61.3189pt too wide) in paragraph at lines 29--30
[][] 
 []


LaTeX Warning: Float too large for page by 138.02881pt on input line 31.

! pdfTeX warning (ext4): destination with the same identifier (name{page.15}) h
as been already used, duplicate ignored
<to be read again> 
                   \penalty 
l.32 \end{landscape}
                     [15 <./img/Recep.png>]
<Recepteur.pdf, id=687, page=2, 614.295pt x 794.97pt>
File: Recepteur.pdf Graphic file (type pdf)

<use Recepteur.pdf, page 2>
File: Recepteur.pdf Graphic file (type pdf)
 <use Recepteur.pdf, page 2>
File: Recepteur.pdf Graphic file (type pdf)

<use Recepteur.pdf, page 2>
File: Recepteur.pdf Graphic file (type pdf)
 <use Recepteur.pdf, page 2>
! pdfTeX warning (ext4): destination with the same identifier (name{page.16}) h
as been already used, duplicate ignored
<to be read again> 
                   \penalty 
l.33 ...ommand={\thispagestyle{plain}}]{Recepteur}
                                                  
File: Recepteur.pdf Graphic file (type pdf)
 <use Recepteur.pdf, page 2>
[16


 <./Recepteur.pdf>] <Recepteur.pdf, id=694, page=3, 614.295pt x 794.97pt>
File: Recepteur.pdf Graphic file (type pdf)

<use Recepteur.pdf, page 3>
File: Recepteur.pdf Graphic file (type pdf)
 <use Recepteur.pdf, page 3>
! pdfTeX warning (ext4): destination with the same identifier (name{page.17}) h
as been already used, duplicate ignored
<to be read again> 
                   \penalty 
l.33 ...ommand={\thispagestyle{plain}}]{Recepteur}
                                                  
File: Recepteur.pdf Graphic file (type pdf)
 <use Recepteur.pdf, page 3>
[17 <./Recepteur.pdf>] <Recepteur.pdf, id=699, page=11, 614.295pt x 794.97pt>
File: Recepteur.pdf Graphic file (type pdf)

<use Recepteur.pdf, page 11>
File: Recepteur.pdf Graphic file (type pdf)
 <use Recepteur.pdf, page 11>
! pdfTeX warning (ext4): destination with the same identifier (name{page.18}) h
as been already used, duplicate ignored
<to be read again> 
                   \penalty 
l.33 ...ommand={\thispagestyle{plain}}]{Recepteur}
                                                  
File: Recepteur.pdf Graphic file (type pdf)

<use Recepteur.pdf, page 11> [18 <./Recepteur.pdf>])
! pdfTeX warning (ext4): destination with the same identifier (name{page.19}) h
as been already used, duplicate ignored
<to be read again> 
                   \penalty 
l.345 \part*{\Huge{\textsc{Article Connexe}}}
                                             \label{connexe} [19


]
<Cern.pdf, id=711, page=1, 597.50786pt x 845.04686pt>
File: Cern.pdf Graphic file (type pdf)
 <use Cern.pdf, page 1>
File: Cern.pdf Graphic file (type pdf)

<use Cern.pdf, page 1>
File: Cern.pdf Graphic file (type pdf)
 <use Cern.pdf, page 1>
File: Cern.pdf Graphic file (type pdf)
 <use Cern.pdf, page 1>
! pdfTeX warning (ext4): destination with the same identifier (name{page.20}) h
as been already used, duplicate ignored
<to be read again> 
                   \penalty 
l.346 \includepdf[pages=-]{Cern.pdf}
                                     % J'inclus un deuxieme rapport, au form...
File: Cern.pdf Graphic file (type pdf)
<use Cern.pdf, page 1> [20 <./Cern.pdf>]
<Cern.pdf, id=732, page=2, 597.50786pt x 845.04686pt>
File: Cern.pdf Graphic file (type pdf)
 <use Cern.pdf, page 2>
File: Cern.pdf Graphic file (type pdf)

<use Cern.pdf, page 2>
! pdfTeX warning (ext4): destination with the same identifier (name{page.21}) h
as been already used, duplicate ignored
<to be read again> 
                   \penalty 
l.346 \includepdf[pages=-]{Cern.pdf}
                                     % J'inclus un deuxieme rapport, au form...
File: Cern.pdf Graphic file (type pdf)
<use Cern.pdf, page 2> [21 <./Cern.pdf>]
<Cern.pdf, id=736, page=3, 597.50786pt x 845.04686pt>
File: Cern.pdf Graphic file (type pdf)
 <use Cern.pdf, page 3>
File: Cern.pdf Graphic file (type pdf)

<use Cern.pdf, page 3>
! pdfTeX warning (ext4): destination with the same identifier (name{page.22}) h
as been already used, duplicate ignored
<to be read again> 
                   \penalty 
l.346 \includepdf[pages=-]{Cern.pdf}
                                     % J'inclus un deuxieme rapport, au form...
File: Cern.pdf Graphic file (type pdf)
<use Cern.pdf, page 3> [22 <./Cern.pdf>]
<Cern.pdf, id=740, page=4, 597.50786pt x 845.04686pt>
File: Cern.pdf Graphic file (type pdf)
 <use Cern.pdf, page 4>
File: Cern.pdf Graphic file (type pdf)

<use Cern.pdf, page 4>
! pdfTeX warning (ext4): destination with the same identifier (name{page.23}) h
as been already used, duplicate ignored
<to be read again> 
                   \penalty 
l.346 \includepdf[pages=-]{Cern.pdf}
                                     % J'inclus un deuxieme rapport, au form...
File: Cern.pdf Graphic file (type pdf)
<use Cern.pdf, page 4> [23 <./Cern.pdf>]
<Cern.pdf, id=757, page=5, 597.50786pt x 845.04686pt>
File: Cern.pdf Graphic file (type pdf)
 <use Cern.pdf, page 5>
File: Cern.pdf Graphic file (type pdf)

<use Cern.pdf, page 5>
! pdfTeX warning (ext4): destination with the same identifier (name{page.24}) h
as been already used, duplicate ignored
<to be read again> 
                   \penalty 
l.346 \includepdf[pages=-]{Cern.pdf}
                                     % J'inclus un deuxieme rapport, au form...
File: Cern.pdf Graphic file (type pdf)
<use Cern.pdf, page 5> [24 <./Cern.pdf>]
<Cern.pdf, id=778, page=6, 597.50786pt x 845.04686pt>
File: Cern.pdf Graphic file (type pdf)
 <use Cern.pdf, page 6>
File: Cern.pdf Graphic file (type pdf)

<use Cern.pdf, page 6>
! pdfTeX warning (ext4): destination with the same identifier (name{page.25}) h
as been already used, duplicate ignored
<to be read again> 
                   \penalty 
l.346 \includepdf[pages=-]{Cern.pdf}
                                     % J'inclus un deuxieme rapport, au form...
File: Cern.pdf Graphic file (type pdf)
<use Cern.pdf, page 6> [25 <./Cern.pdf>]
<Cern.pdf, id=783, page=7, 597.50786pt x 845.04686pt>
File: Cern.pdf Graphic file (type pdf)
 <use Cern.pdf, page 7>
File: Cern.pdf Graphic file (type pdf)

<use Cern.pdf, page 7>
! pdfTeX warning (ext4): destination with the same identifier (name{page.26}) h
as been already used, duplicate ignored
<to be read again> 
                   \penalty 
l.346 \includepdf[pages=-]{Cern.pdf}
                                     % J'inclus un deuxieme rapport, au form...
File: Cern.pdf Graphic file (type pdf)
<use Cern.pdf, page 7> [26 <./Cern.pdf>]
<Cern.pdf, id=787, page=8, 597.50786pt x 845.04686pt>
File: Cern.pdf Graphic file (type pdf)
 <use Cern.pdf, page 8>
File: Cern.pdf Graphic file (type pdf)

<use Cern.pdf, page 8>
! pdfTeX warning (ext4): destination with the same identifier (name{page.27}) h
as been already used, duplicate ignored
<to be read again> 
                   \penalty 
l.346 \includepdf[pages=-]{Cern.pdf}
                                     % J'inclus un deuxieme rapport, au form...
File: Cern.pdf Graphic file (type pdf)
<use Cern.pdf, page 8> [27 <./Cern.pdf>]
<Cern.pdf, id=792, page=9, 597.50786pt x 845.04686pt>
File: Cern.pdf Graphic file (type pdf)
 <use Cern.pdf, page 9>
File: Cern.pdf Graphic file (type pdf)

<use Cern.pdf, page 9>
! pdfTeX warning (ext4): destination with the same identifier (name{page.28}) h
as been already used, duplicate ignored
<to be read again> 
                   \penalty 
l.346 \includepdf[pages=-]{Cern.pdf}
                                     % J'inclus un deuxieme rapport, au form...
File: Cern.pdf Graphic file (type pdf)
<use Cern.pdf, page 9> [28 <./Cern.pdf>]
<Cern.pdf, id=801, page=10, 597.50786pt x 845.04686pt>
File: Cern.pdf Graphic file (type pdf)
 <use Cern.pdf, page 10>
File: Cern.pdf Graphic file (type pdf)

<use Cern.pdf, page 10>
! pdfTeX warning (ext4): destination with the same identifier (name{page.29}) h
as been already used, duplicate ignored
<to be read again> 
                   \penalty 
l.346 \includepdf[pages=-]{Cern.pdf}
                                     % J'inclus un deuxieme rapport, au form...
File: Cern.pdf Graphic file (type pdf)
<use Cern.pdf, page 10> [29 <./Cern.pdf>]
<Cern.pdf, id=805, page=11, 597.50786pt x 845.04686pt>
File: Cern.pdf Graphic file (type pdf)
 <use Cern.pdf, page 11>
File: Cern.pdf Graphic file (type pdf)

<use Cern.pdf, page 11>
! pdfTeX warning (ext4): destination with the same identifier (name{page.30}) h
as been already used, duplicate ignored
<to be read again> 
                   \penalty 
l.346 \includepdf[pages=-]{Cern.pdf}
                                     % J'inclus un deuxieme rapport, au form...
File: Cern.pdf Graphic file (type pdf)
<use Cern.pdf, page 11> [30 <./Cern.pdf>]
<Cern.pdf, id=814, page=12, 597.50786pt x 845.04686pt>
File: Cern.pdf Graphic file (type pdf)
 <use Cern.pdf, page 12>
File: Cern.pdf Graphic file (type pdf)

<use Cern.pdf, page 12>
File: Cern.pdf Graphic file (type pdf)
 <use Cern.pdf, page 12> [31 <./Cern.pdf>]
<Cern.pdf, id=820, page=13, 597.50786pt x 845.04686pt>
File: Cern.pdf Graphic file (type pdf)
 <use Cern.pdf, page 13>
File: Cern.pdf Graphic file (type pdf)

<use Cern.pdf, page 13>
File: Cern.pdf Graphic file (type pdf)
 <use Cern.pdf, page 13> [32 <./Cern.pdf>]
<Cern.pdf, id=825, page=14, 597.50786pt x 845.04686pt>
File: Cern.pdf Graphic file (type pdf)
 <use Cern.pdf, page 14>
File: Cern.pdf Graphic file (type pdf)

<use Cern.pdf, page 14>
File: Cern.pdf Graphic file (type pdf)
 <use Cern.pdf, page 14> [33 <./Cern.pdf>]
<Cern.pdf, id=830, page=15, 597.50786pt x 845.04686pt>
File: Cern.pdf Graphic file (type pdf)
 <use Cern.pdf, page 15>
File: Cern.pdf Graphic file (type pdf)

<use Cern.pdf, page 15>
File: Cern.pdf Graphic file (type pdf)
 <use Cern.pdf, page 15> [34 <./Cern.pdf>]
<Cern.pdf, id=836, page=16, 597.50786pt x 845.04686pt>
File: Cern.pdf Graphic file (type pdf)
 <use Cern.pdf, page 16>
File: Cern.pdf Graphic file (type pdf)

<use Cern.pdf, page 16>
File: Cern.pdf Graphic file (type pdf)
 <use Cern.pdf, page 16> [35 <./Cern.pdf>]
<Cern.pdf, id=846, page=17, 597.50786pt x 845.04686pt>
File: Cern.pdf Graphic file (type pdf)
 <use Cern.pdf, page 17>
File: Cern.pdf Graphic file (type pdf)

<use Cern.pdf, page 17>
File: Cern.pdf Graphic file (type pdf)
 <use Cern.pdf, page 17> [36 <./Cern.pdf>]
<Cern.pdf, id=851, page=18, 597.50786pt x 845.04686pt>
File: Cern.pdf Graphic file (type pdf)
 <use Cern.pdf, page 18>
File: Cern.pdf Graphic file (type pdf)

<use Cern.pdf, page 18>
File: Cern.pdf Graphic file (type pdf)
 <use Cern.pdf, page 18> [37 <./Cern.pdf>]
<Cern.pdf, id=877, page=19, 597.50786pt x 845.04686pt>
File: Cern.pdf Graphic file (type pdf)
 <use Cern.pdf, page 19>
File: Cern.pdf Graphic file (type pdf)

<use Cern.pdf, page 19>
File: Cern.pdf Graphic file (type pdf)
 <use Cern.pdf, page 19> [38 <./Cern.pdf>]
<Cern.pdf, id=882, page=20, 597.50786pt x 845.04686pt>
File: Cern.pdf Graphic file (type pdf)
 <use Cern.pdf, page 20>
File: Cern.pdf Graphic file (type pdf)

<use Cern.pdf, page 20>
File: Cern.pdf Graphic file (type pdf)
 <use Cern.pdf, page 20> [39 <./Cern.pdf>]
<Cern.pdf, id=887, page=21, 597.50786pt x 845.04686pt>
File: Cern.pdf Graphic file (type pdf)
 <use Cern.pdf, page 21>
File: Cern.pdf Graphic file (type pdf)

<use Cern.pdf, page 21>
File: Cern.pdf Graphic file (type pdf)
 <use Cern.pdf, page 21> [40 <./Cern.pdf>]
<Cern.pdf, id=892, page=22, 597.50786pt x 845.04686pt>
File: Cern.pdf Graphic file (type pdf)
 <use Cern.pdf, page 22>
File: Cern.pdf Graphic file (type pdf)

<use Cern.pdf, page 22>
File: Cern.pdf Graphic file (type pdf)
 <use Cern.pdf, page 22> [41 <./Cern.pdf>]
<Cern.pdf, id=899, page=23, 597.50786pt x 845.04686pt>
File: Cern.pdf Graphic file (type pdf)
 <use Cern.pdf, page 23>
File: Cern.pdf Graphic file (type pdf)

<use Cern.pdf, page 23>
File: Cern.pdf Graphic file (type pdf)
 <use Cern.pdf, page 23> [42 <./Cern.pdf>]
<Cern.pdf, id=908, page=24, 597.50786pt x 845.04686pt>
File: Cern.pdf Graphic file (type pdf)
 <use Cern.pdf, page 24>
File: Cern.pdf Graphic file (type pdf)

<use Cern.pdf, page 24>
File: Cern.pdf Graphic file (type pdf)
 <use Cern.pdf, page 24> [43 <./Cern.pdf>]
<Cern.pdf, id=916, page=25, 597.50786pt x 845.04686pt>
File: Cern.pdf Graphic file (type pdf)
 <use Cern.pdf, page 25>
File: Cern.pdf Graphic file (type pdf)

<use Cern.pdf, page 25>
File: Cern.pdf Graphic file (type pdf)
 <use Cern.pdf, page 25> [44 <./Cern.pdf>]
<Cern.pdf, id=923, page=26, 597.50786pt x 845.04686pt>
File: Cern.pdf Graphic file (type pdf)
 <use Cern.pdf, page 26>
File: Cern.pdf Graphic file (type pdf)

<use Cern.pdf, page 26>
File: Cern.pdf Graphic file (type pdf)
 <use Cern.pdf, page 26> [45 <./Cern.pdf>]
<Cern.pdf, id=930, page=27, 597.50786pt x 845.04686pt>
File: Cern.pdf Graphic file (type pdf)
 <use Cern.pdf, page 27>
File: Cern.pdf Graphic file (type pdf)

<use Cern.pdf, page 27>
File: Cern.pdf Graphic file (type pdf)
 <use Cern.pdf, page 27> [46 <./Cern.pdf>]
<Cern.pdf, id=939, page=28, 597.50786pt x 845.04686pt>
File: Cern.pdf Graphic file (type pdf)
 <use Cern.pdf, page 28>
File: Cern.pdf Graphic file (type pdf)

<use Cern.pdf, page 28>
File: Cern.pdf Graphic file (type pdf)
 <use Cern.pdf, page 28> [47 <./Cern.pdf>]
<Cern.pdf, id=946, page=29, 597.50786pt x 845.04686pt>
File: Cern.pdf Graphic file (type pdf)
 <use Cern.pdf, page 29>
File: Cern.pdf Graphic file (type pdf)

<use Cern.pdf, page 29>
File: Cern.pdf Graphic file (type pdf)
 <use Cern.pdf, page 29> [48 <./Cern.pdf>]
\openout2 = `./source/Resume.aux'.


(./source/Resume.tex
File: ./img/CERN_logo.jpg Graphic file (type jpg)
 <use ./img/CERN_logo.jpg>
File: ./img/A.jpg Graphic file (type jpg)
 <use ./img/A.jpg>) [49

]
(./RapportKR.aux (./source/Annexe1.aux) (./source/Annexe2.aux)
(./source/Annexe3.aux) (./source/Resume.aux))

LaTeX Font Warning: Some font shapes were not available, defaults substituted.


LaTeX Warning: There were multiply-defined labels.

 ) 
Here is how much of TeX's memory you used:
 8958 strings out of 94501
 117064 string characters out of 1175812
 206740 words of memory out of 1000000
 11600 multiletter control sequences out of 10000+50000
 73900 words of font info for 155 fonts, out of 500000 for 2000
 580 hyphenation exceptions out of 8191
 36i,16n,43p,1005b,1004s stack positions out of 1500i,500n,5000p,200000b,5000s
PDF statistics:
 959 PDF objects out of 300000
 177 named destinations out of 131072
 656 words of extra memory for PDF output out of 65536
</usr/share/texmf-tetex/fonts/type1/bluesky/cm/cmsl12.pfb></usr/share/texmf-t
etex/fonts/type1/bluesky/cm/cmbx10.pfb> </home/kevin/.texmf-var/fonts/pk/ljfour
/jknappen/tc/tcrm1000.600pk> </home/kevin/.texmf-var/fonts/pk/ljfour/jknappen/t
c/tcrm1440.600pk></usr/share/texmf-tetex/fonts/type1/bluesky/cm/cmti12.pfb></us
r/share/texmf-tetex/fonts/type1/bluesky/cm/cmex10.pfb></usr/share/texmf-tetex/f
onts/type1/bluesky/cm/cmr6.pfb></usr/share/texmf-tetex/fonts/type1/bluesky/cm/c
mmi6.pfb> </home/kevin/.texmf-var/fonts/pk/ljfour/jknappen/tc/tcrm0800.600pk></
usr/share/texmf-tetex/fonts/type1/bluesky/cm/cmmi8.pfb></usr/share/texmf-tetex/
fonts/type1/bluesky/latex/lcircle1.pfb></usr/share/texmf-tetex/fonts/type1/blue
sky/cm/cmssbx10.pfb></usr/share/texmf-tetex/fonts/type1/bluesky/cm/cmsy8.pfb></
usr/share/texmf-tetex/fonts/type1/bluesky/cm/cmmi12.pfb></usr/share/texmf-tetex
/fonts/type1/bluesky/cm/cmsy7.pfb></usr/share/texmf-tetex/fonts/type1/bluesky/c
m/cmmi10.pfb></usr/share/texmf-tetex/fonts/type1/bluesky/cm/cmr7.pfb></usr/shar
e/texmf-tetex/fonts/type1/bluesky/cm/cmr10.pfb></usr/share/texmf-tetex/fonts/ty
pe1/bluesky/cm/cmti10.pfb></usr/share/texmf-tetex/fonts/type1/public/marvosym/m
arvosym.pfb> </home/kevin/.texmf-var/fonts/pk/ljfour/jknappen/tc/tcrm1200.600pk
> </home/kevin/.texmf-var/fonts/pk/ljfour/jknappen/ec/ecrm1200.600pk></usr/shar
e/texmf-tetex/fonts/type1/bluesky/cm/cmr8.pfb></usr/share/texmf-tetex/fonts/typ
e1/bluesky/cm/cmsy10.pfb></usr/share/texmf-tetex/fonts/type1/bluesky/cm/cmbx12.
pfb></usr/share/texmf-tetex/fonts/type1/bluesky/cm/cmr17.pfb></usr/share/texmf-
tetex/fonts/type1/bluesky/cm/cmcsc10.pfb></usr/share/texmf-tetex/fonts/type1/bl
uesky/cm/cmss12.pfb></usr/share/texmf-tetex/fonts/type1/bluesky/cm/cmr12.pfb>
Output written on RapportKR.pdf (85 pages, 2114550 bytes).
