\BOOKMARK [0][-]{chapter*.2}{Remerciements}{}% 1
\BOOKMARK [0][-]{chapter*.7}{R\351sum\351}{}% 2
\BOOKMARK [0][-]{chapter*.12}{Introduction}{}% 3
\BOOKMARK [0][-]{chapter.1}{1 Pr\351sentation de l'entreprise et des missions}{}% 4
\BOOKMARK [1][-]{section.1.1}{1.1 Pr\351sentation de l'entreprise}{chapter.1}% 5
\BOOKMARK [2][-]{subsection.1.1.1}{1.1.1 Une soci\351t\351 de services}{section.1.1}% 6
\BOOKMARK [2][-]{subsection.1.1.2}{1.1.2 Un client}{section.1.1}% 7
\BOOKMARK [2][-]{subsection.1.1.3}{1.1.3 Une \351quipe}{section.1.1}% 8
\BOOKMARK [1][-]{section.1.2}{1.2 Pr\351sentation des missions}{chapter.1}% 9
\BOOKMARK [2][-]{subsection.1.2.1}{1.2.1 La maintenance \340 Disneyland}{section.1.2}% 10
\BOOKMARK [2][-]{subsection.1.2.2}{1.2.2 Rapports d'intervention et statistiques}{section.1.2}% 11
\BOOKMARK [2][-]{subsection.1.2.3}{1.2.3 D\351veloppement d'un outil de gestion d'emplois du temps}{section.1.2}% 12
\BOOKMARK [0][-]{chapter.2}{2 Description des missions}{}% 13
\BOOKMARK [1][-]{section.2.1}{2.1 Maintenance}{chapter.2}% 14
\BOOKMARK [2][-]{subsection.2.1.1}{2.1.1 L'organisation de Disneyland}{section.2.1}% 15
\BOOKMARK [2][-]{subsection.2.1.2}{2.1.2 L'organisation de Spie \340 Disneyland}{section.2.1}% 16
\BOOKMARK [2][-]{subsection.2.1.3}{2.1.3 Le d\351roulement d'une intervention}{section.2.1}% 17
\BOOKMARK [1][-]{section.2.2}{2.2 Macro-commandes}{chapter.2}% 18
\BOOKMARK [2][-]{subsection.2.2.1}{2.2.1 Les diff\351rentes macros}{section.2.2}% 19
\BOOKMARK [2][-]{subsection.2.2.2}{2.2.2 La conception}{section.2.2}% 20
\BOOKMARK [2][-]{subsection.2.2.3}{2.2.3 La mise en production}{section.2.2}% 21
\BOOKMARK [1][-]{section.2.3}{2.3 Outils d'aide \340 la planification}{chapter.2}% 22
\BOOKMARK [2][-]{subsection.2.3.1}{2.3.1 Le contexte}{section.2.3}% 23
\BOOKMARK [2][-]{subsection.2.3.2}{2.3.2 La r\351alisation}{section.2.3}% 24
\BOOKMARK [2][-]{subsection.2.3.3}{2.3.3 Fonctionnement du point de vue client}{section.2.3}% 25
\BOOKMARK [0][-]{chapter*.45}{Conclusion}{}% 26
\BOOKMARK [1][-]{section*.46}{Acronymes}{chapter*.45}% 27
\BOOKMARK [1][-]{section*.48}{Glossaire}{chapter*.45}% 28
\BOOKMARK [0][-]{appendix*.52}{Cr\351ation du launcher}{}% 29
\BOOKMARK [0][-]{appendix*.53}{Documention}{}% 30
\BOOKMARK [0][-]{appendix*.54}{Mat\351riel d\351pann\351}{}% 31
\BOOKMARK [0][-]{appendix*.55}{SM7}{}% 32
\BOOKMARK [0][-]{appendix*.56}{Alloy}{}% 33
